<?xml version='1.0'?>
<ns2:test-suite xmlns:ns2='urn:model.allure.qatools.yandex.ru' start='1670526154278' stop='1670526158678'>
    <name>Test cases</name>
    <title>Test cases</title>
    <test-cases>
        <test-case start='1670526154278' status='pending' stop='1670526154279'>
            <name>1: Default selection of tab</name>
            <title>1: Default selection of tab</title>
            <labels/>
            <parameters/>
            <steps/>
            <attachments/>
            <failure>
                <message>Test ignored</message>
                <stack-trace>undefined</stack-trace>
            </failure>
        </test-case>
        <test-case start='1670526154279' status='passed' stop='1670526156499'>
            <name>Form tab is available and clickable</name>
            <title>Form tab is available and clickable</title>
            <labels>
                <label name='language' value='javascript'/>
                <label name='framework' value='wdio'/>
                <label name='thread' value='0-0'/>
            </labels>
            <parameters>
                <parameter kind='argument' name='device' value='Pixel 3 for TEST 11-11'/>
            </parameters>
            <steps>
                <step start='1670526154281' status='passed' stop='1670526155606'>
                    <name>POST /session/:sessionId/element</name>
                    <title>POST /session/:sessionId/element</title>
                    <attachments>
                        <attachment title='Request' source='51498d16-e5a0-4efd-8096-4d05fd825edb-attachment.json' type='application/json' size='53'/>
                        <attachment title='Response' source='09a706e0-e250-452c-9c7a-d9bfaec69d34-attachment.json' type='application/json' size='136'/>
                    </attachments>
                    <steps/>
                </step>
                <step start='1670526155616' status='passed' stop='1670526155695'>
                    <name>POST /session/:sessionId/element/00000000-0000-0402-ffff-ffff00000024/click</name>
                    <title>POST /session/:sessionId/element/00000000-0000-0402-ffff-ffff00000024/click</title>
                    <attachments/>
                    <steps/>
                </step>
                <step start='1670526155695' status='passed' stop='1670526155755'>
                    <name>POST /session/:sessionId/element</name>
                    <title>POST /session/:sessionId/element</title>
                    <attachments>
                        <attachment title='Request' source='92570498-20e4-4012-b8f6-78a26c3fb52c-attachment.json' type='application/json' size='60'/>
                        <attachment title='Response' source='923cf62b-10a5-46dd-ad4c-1f9331c7715b-attachment.json' type='application/json' size='794'/>
                    </attachments>
                    <steps/>
                </step>
                <step start='1670526155762' status='passed' stop='1670526155824'>
                    <name>POST /session/:sessionId/elements</name>
                    <title>POST /session/:sessionId/elements</title>
                    <attachments>
                        <attachment title='Request' source='7d3b7237-6101-482d-8e29-bc52e731d2d7-attachment.json' type='application/json' size='60'/>
                        <attachment title='Response' source='c16893cd-2f68-42a6-9f29-cc16e0a848a6-attachment.json' type='application/json' size='2'/>
                    </attachments>
                    <steps/>
                </step>
                <step start='1670526156329' status='passed' stop='1670526156491'>
                    <name>POST /session/:sessionId/elements</name>
                    <title>POST /session/:sessionId/elements</title>
                    <attachments>
                        <attachment title='Request' source='4fbb2720-1308-4f7c-87a0-ae74512401de-attachment.json' type='application/json' size='60'/>
                        <attachment title='Response' source='c0b58cfa-e8e9-4451-8bf9-59c196a256c5-attachment.json' type='application/json' size='148'/>
                    </attachments>
                    <steps/>
                </step>
            </steps>
            <attachments/>
        </test-case>
        <test-case start='1670526156499' status='pending' stop='1670526156499'>
            <name>3:Color change on selection</name>
            <title>3:Color change on selection</title>
            <labels/>
            <parameters/>
            <steps/>
            <attachments/>
            <failure>
                <message>Test ignored</message>
                <stack-trace>undefined</stack-trace>
            </failure>
        </test-case>
        <test-case start='1670526156499' status='pending' stop='1670526156499'>
            <name>4:Input Behaviour</name>
            <title>4:Input Behaviour</title>
            <labels/>
            <parameters/>
            <steps/>
            <attachments/>
            <failure>
                <message>Test ignored</message>
                <stack-trace>undefined</stack-trace>
            </failure>
        </test-case>
        <test-case start='1670526156499' status='passed' stop='1670526158677'>
            <name>5:Picker element and 3 options</name>
            <title>5:Picker element and 3 options</title>
            <labels>
                <label name='language' value='javascript'/>
                <label name='framework' value='wdio'/>
                <label name='thread' value='0-0'/>
            </labels>
            <parameters>
                <parameter kind='argument' name='device' value='Pixel 3 for TEST 11-11'/>
            </parameters>
            <steps>
                <step start='1670526156500' status='passed' stop='1670526156556'>
                    <name>POST /session/:sessionId/element</name>
                    <title>POST /session/:sessionId/element</title>
                    <attachments>
                        <attachment title='Request' source='abb38171-cff8-48ce-9039-466519ff04b1-attachment.json' type='application/json' size='56'/>
                        <attachment title='Response' source='a25cc1bc-1df5-4692-a4a0-3ad8fa36f2a7-attachment.json' type='application/json' size='136'/>
                    </attachments>
                    <steps/>
                </step>
                <step start='1670526156560' status='passed' stop='1670526156631'>
                    <name>POST /session/:sessionId/element/00000000-0000-0402-ffff-ffff00000057/click</name>
                    <title>POST /session/:sessionId/element/00000000-0000-0402-ffff-ffff00000057/click</title>
                    <attachments/>
                    <steps/>
                </step>
                <step start='1670526158633' status='passed' stop='1670526158667'>
                    <name>POST /session/:sessionId/elements</name>
                    <title>POST /session/:sessionId/elements</title>
                    <attachments>
                        <attachment title='Request' source='4d050bd9-0616-437c-af15-1e12a00eebb0-attachment.json' type='application/json' size='72'/>
                        <attachment title='Response' source='e50fdfbd-2ec3-47ea-be2e-fb14632ae8ba-attachment.json' type='application/json' size='586'/>
                    </attachments>
                    <steps/>
                </step>
            </steps>
            <attachments/>
        </test-case>
        <test-case start='1670526158677' status='pending' stop='1670526158677'>
            <name>6:Visible within acreen 3 options</name>
            <title>6:Visible within acreen 3 options</title>
            <labels/>
            <parameters/>
            <steps/>
            <attachments/>
            <failure>
                <message>Test ignored</message>
                <stack-trace>undefined</stack-trace>
            </failure>
        </test-case>
        <test-case start='1670526158678' status='pending' stop='1670526158678'>
            <name>7:Inactive button is not interactable</name>
            <title>7:Inactive button is not interactable</title>
            <labels/>
            <parameters/>
            <steps/>
            <attachments/>
            <failure>
                <message>Test ignored</message>
                <stack-trace>undefined</stack-trace>
            </failure>
        </test-case>
        <test-case start='1670526158678' status='pending' stop='1670526158678'>
            <name>8:Native alerts are functional</name>
            <title>8:Native alerts are functional</title>
            <labels/>
            <parameters/>
            <steps/>
            <attachments/>
            <failure>
                <message>Test ignored</message>
                <stack-trace>undefined</stack-trace>
            </failure>
        </test-case>
        <test-case start='1670526158678' status='pending' stop='1670526158678'>
            <name>9:Keyboard availability</name>
            <title>9:Keyboard availability</title>
            <labels/>
            <parameters/>
            <steps/>
            <attachments/>
            <failure>
                <message>Test ignored</message>
                <stack-trace>undefined</stack-trace>
            </failure>
        </test-case>
    </test-cases>
</ns2:test-suite>