<?xml version='1.0'?>
<ns2:test-suite xmlns:ns2='urn:model.allure.qatools.yandex.ru' start='1670527077804' stop='1670527079435'>
    <name>Test cases</name>
    <title>Test cases</title>
    <test-cases>
        <test-case start='1670527077804' status='pending' stop='1670527077804'>
            <name>1: Default selection of tab</name>
            <title>1: Default selection of tab</title>
            <labels/>
            <parameters/>
            <steps/>
            <attachments/>
            <failure>
                <message>Test ignored</message>
                <stack-trace>undefined</stack-trace>
            </failure>
        </test-case>
        <test-case start='1670527077804' status='passed' stop='1670527079196'>
            <name>Form tab is available and clickable</name>
            <title>Form tab is available and clickable</title>
            <labels>
                <label name='language' value='javascript'/>
                <label name='framework' value='wdio'/>
                <label name='thread' value='0-0'/>
            </labels>
            <parameters>
                <parameter kind='argument' name='device' value='Pixel 3 for TEST 11-11'/>
            </parameters>
            <steps>
                <step start='1670527077805' status='passed' stop='1670527078505'>
                    <name>POST /session/:sessionId/element</name>
                    <title>POST /session/:sessionId/element</title>
                    <attachments>
                        <attachment title='Request' source='9caf7698-9572-443a-acf6-2f327b254acb-attachment.json' type='application/json' size='53'/>
                        <attachment title='Response' source='496c946a-6f40-4373-af9f-ddaa330b5ae7-attachment.json' type='application/json' size='136'/>
                    </attachments>
                    <steps/>
                </step>
                <step start='1670527078514' status='passed' stop='1670527078584'>
                    <name>POST /session/:sessionId/element/00000000-0000-045f-ffff-ffff00000024/click</name>
                    <title>POST /session/:sessionId/element/00000000-0000-045f-ffff-ffff00000024/click</title>
                    <attachments/>
                    <steps/>
                </step>
                <step start='1670527078585' status='passed' stop='1670527078624'>
                    <name>POST /session/:sessionId/element</name>
                    <title>POST /session/:sessionId/element</title>
                    <attachments>
                        <attachment title='Request' source='ad14cb7f-3e3c-49b1-aee6-ecb233c4300d-attachment.json' type='application/json' size='60'/>
                        <attachment title='Response' source='ee74ab00-2051-4a36-9b90-8ee4ee97e376-attachment.json' type='application/json' size='794'/>
                    </attachments>
                    <steps/>
                </step>
                <step start='1670527078627' status='passed' stop='1670527078643'>
                    <name>POST /session/:sessionId/elements</name>
                    <title>POST /session/:sessionId/elements</title>
                    <attachments>
                        <attachment title='Request' source='84c0e5bf-09d7-4be5-9e1d-48caab704fe8-attachment.json' type='application/json' size='60'/>
                        <attachment title='Response' source='b129444c-42bb-4808-b3eb-edd97bb7cdb0-attachment.json' type='application/json' size='2'/>
                    </attachments>
                    <steps/>
                </step>
                <step start='1670527079146' status='passed' stop='1670527079190'>
                    <name>POST /session/:sessionId/elements</name>
                    <title>POST /session/:sessionId/elements</title>
                    <attachments>
                        <attachment title='Request' source='3d0c54c8-28d7-4857-b449-5a96ee974f80-attachment.json' type='application/json' size='60'/>
                        <attachment title='Response' source='be617dd1-edf6-4806-9dde-b22fbcc6d955-attachment.json' type='application/json' size='148'/>
                    </attachments>
                    <steps/>
                </step>
            </steps>
            <attachments/>
        </test-case>
        <test-case start='1670527079196' status='pending' stop='1670527079196'>
            <name>3:Color change on selection</name>
            <title>3:Color change on selection</title>
            <labels/>
            <parameters/>
            <steps/>
            <attachments/>
            <failure>
                <message>Test ignored</message>
                <stack-trace>undefined</stack-trace>
            </failure>
        </test-case>
        <test-case start='1670527079196' status='pending' stop='1670527079196'>
            <name>4:Input Behaviour</name>
            <title>4:Input Behaviour</title>
            <labels/>
            <parameters/>
            <steps/>
            <attachments/>
            <failure>
                <message>Test ignored</message>
                <stack-trace>undefined</stack-trace>
            </failure>
        </test-case>
        <test-case start='1670527079196' status='pending' stop='1670527079196'>
            <name>5:Picker element and 3 options</name>
            <title>5:Picker element and 3 options</title>
            <labels/>
            <parameters/>
            <steps/>
            <attachments/>
            <failure>
                <message>Test ignored</message>
                <stack-trace>undefined</stack-trace>
            </failure>
        </test-case>
        <test-case start='1670527079196' status='pending' stop='1670527079196'>
            <name>6:Visible within screen 3 options</name>
            <title>6:Visible within screen 3 options</title>
            <labels/>
            <parameters/>
            <steps/>
            <attachments/>
            <failure>
                <message>Test ignored</message>
                <stack-trace>undefined</stack-trace>
            </failure>
        </test-case>
        <test-case start='1670527079196' status='broken' stop='1670527079434'>
            <name>7:Inactive button is not interactable</name>
            <title>7:Inactive button is not interactable</title>
            <labels>
                <label name='language' value='javascript'/>
                <label name='framework' value='wdio'/>
                <label name='thread' value='0-0'/>
            </labels>
            <parameters>
                <parameter kind='argument' name='device' value='Pixel 3 for TEST 11-11'/>
            </parameters>
            <steps>
                <step start='1670527079197' status='passed' stop='1670527079223'>
                    <name>POST /session/:sessionId/element</name>
                    <title>POST /session/:sessionId/element</title>
                    <attachments>
                        <attachment title='Request' source='bd1d5ae1-ea4c-41ef-b54f-dbc4802db01e-attachment.json' type='application/json' size='63'/>
                        <attachment title='Response' source='ed09e2ff-e915-4556-aacb-7352b1e0537a-attachment.json' type='application/json' size='136'/>
                    </attachments>
                    <steps/>
                </step>
                <step start='1670527079226' status='passed' stop='1670527079273'>
                    <name>POST /session/:sessionId/element/00000000-0000-045f-ffff-ffff00000062/click</name>
                    <title>POST /session/:sessionId/element/00000000-0000-045f-ffff-ffff00000062/click</title>
                    <attachments/>
                    <steps/>
                </step>
                <step start='1670527079274' status='passed' stop='1670527079433'>
                    <name>GET /session/:sessionId/screenshot</name>
                    <title>GET /session/:sessionId/screenshot</title>
                    <attachments>
                        <attachment title='Screenshot' source='2988177f-e45c-4b46-8292-b9e12fb8c8ef-attachment.png' type='image/png' size='112489'/>
                    </attachments>
                    <steps/>
                </step>
            </steps>
            <attachments/>
            <failure>
                <message>formComp is not defined</message>
                <stack-trace>ReferenceError: formComp is not defined
                    at Context.&lt;anonymous> (/Users/jahangirulhassan/Documents/TCoE-app-tests/test/specs/mobiletest/testscripts.js:54:22)
                    at process.processTicksAndRejections (node:internal/process/task_queues:95:5)</stack-trace>
            </failure>
        </test-case>
        <test-case start='1670527079434' status='pending' stop='1670527079434'>
            <name>8:Native alerts are functional</name>
            <title>8:Native alerts are functional</title>
            <labels/>
            <parameters/>
            <steps/>
            <attachments/>
            <failure>
                <message>Test ignored</message>
                <stack-trace>undefined</stack-trace>
            </failure>
        </test-case>
        <test-case start='1670527079435' status='pending' stop='1670527079435'>
            <name>9:Keyboard availability</name>
            <title>9:Keyboard availability</title>
            <labels/>
            <parameters/>
            <steps/>
            <attachments/>
            <failure>
                <message>Test ignored</message>
                <stack-trace>undefined</stack-trace>
            </failure>
        </test-case>
    </test-cases>
</ns2:test-suite>