<?xml version='1.0'?>
<ns2:test-suite xmlns:ns2='urn:model.allure.qatools.yandex.ru' start='1670525671761' stop='1670525675239'>
    <name>Test cases</name>
    <title>Test cases</title>
    <test-cases>
        <test-case start='1670525671761' status='pending' stop='1670525671761'>
            <name>1: Default selection of tab</name>
            <title>1: Default selection of tab</title>
            <labels/>
            <parameters/>
            <steps/>
            <attachments/>
            <failure>
                <message>Test ignored</message>
                <stack-trace>undefined</stack-trace>
            </failure>
        </test-case>
        <test-case start='1670525671761' status='passed' stop='1670525673137'>
            <name>Form tab is available and clickable</name>
            <title>Form tab is available and clickable</title>
            <labels>
                <label name='language' value='javascript'/>
                <label name='framework' value='wdio'/>
                <label name='thread' value='0-0'/>
            </labels>
            <parameters>
                <parameter kind='argument' name='device' value='Pixel 3 for TEST 11-11'/>
            </parameters>
            <steps>
                <step start='1670525671762' status='passed' stop='1670525672468'>
                    <name>POST /session/:sessionId/element</name>
                    <title>POST /session/:sessionId/element</title>
                    <attachments>
                        <attachment title='Request' source='ee5af061-3e45-4221-835e-cc845f79ece8-attachment.json' type='application/json' size='53'/>
                        <attachment title='Response' source='7bcb48af-9bf0-4d27-8862-cfac5f2a170d-attachment.json' type='application/json' size='136'/>
                    </attachments>
                    <steps/>
                </step>
                <step start='1670525672477' status='passed' stop='1670525672519'>
                    <name>POST /session/:sessionId/element/00000000-0000-03b7-ffff-ffff00000024/click</name>
                    <title>POST /session/:sessionId/element/00000000-0000-03b7-ffff-ffff00000024/click</title>
                    <attachments/>
                    <steps/>
                </step>
                <step start='1670525672520' status='passed' stop='1670525672546'>
                    <name>POST /session/:sessionId/element</name>
                    <title>POST /session/:sessionId/element</title>
                    <attachments>
                        <attachment title='Request' source='654a6b08-ce22-4d2f-beae-113a6853df43-attachment.json' type='application/json' size='60'/>
                        <attachment title='Response' source='d6fe5950-c621-4420-87d0-100da2c9a059-attachment.json' type='application/json' size='794'/>
                    </attachments>
                    <steps/>
                </step>
                <step start='1670525672550' status='passed' stop='1670525672567'>
                    <name>POST /session/:sessionId/elements</name>
                    <title>POST /session/:sessionId/elements</title>
                    <attachments>
                        <attachment title='Request' source='4e45f43d-cfc0-447e-a7f9-8d7915833ae4-attachment.json' type='application/json' size='60'/>
                        <attachment title='Response' source='89b9ef04-c8b8-4955-a3e8-3cccb832f6e1-attachment.json' type='application/json' size='2'/>
                    </attachments>
                    <steps/>
                </step>
                <step start='1670525673070' status='passed' stop='1670525673132'>
                    <name>POST /session/:sessionId/elements</name>
                    <title>POST /session/:sessionId/elements</title>
                    <attachments>
                        <attachment title='Request' source='756b009f-6e89-4da1-873c-65453a5e3526-attachment.json' type='application/json' size='60'/>
                        <attachment title='Response' source='d1a20cfb-4a7d-4cde-b2b8-12a7916a6bff-attachment.json' type='application/json' size='148'/>
                    </attachments>
                    <steps/>
                </step>
            </steps>
            <attachments/>
        </test-case>
        <test-case start='1670525673137' status='pending' stop='1670525673137'>
            <name>3:Color change on selection</name>
            <title>3:Color change on selection</title>
            <labels/>
            <parameters/>
            <steps/>
            <attachments/>
            <failure>
                <message>Test ignored</message>
                <stack-trace>undefined</stack-trace>
            </failure>
        </test-case>
        <test-case start='1670525673137' status='pending' stop='1670525673137'>
            <name>4:Input Behaviour</name>
            <title>4:Input Behaviour</title>
            <labels/>
            <parameters/>
            <steps/>
            <attachments/>
            <failure>
                <message>Test ignored</message>
                <stack-trace>undefined</stack-trace>
            </failure>
        </test-case>
        <test-case start='1670525673137' status='passed' stop='1670525675236'>
            <name>5:Picker element and 3 options</name>
            <title>5:Picker element and 3 options</title>
            <labels>
                <label name='language' value='javascript'/>
                <label name='framework' value='wdio'/>
                <label name='thread' value='0-0'/>
            </labels>
            <parameters>
                <parameter kind='argument' name='device' value='Pixel 3 for TEST 11-11'/>
            </parameters>
            <steps>
                <step start='1670525673138' status='passed' stop='1670525673160'>
                    <name>POST /session/:sessionId/element</name>
                    <title>POST /session/:sessionId/element</title>
                    <attachments>
                        <attachment title='Request' source='954a7b1a-2e7f-4a9e-a442-391421c14df1-attachment.json' type='application/json' size='56'/>
                        <attachment title='Response' source='7f86320e-e838-4ccc-8541-15c7e3dc9a87-attachment.json' type='application/json' size='136'/>
                    </attachments>
                    <steps/>
                </step>
                <step start='1670525673162' status='passed' stop='1670525673202'>
                    <name>POST /session/:sessionId/element/00000000-0000-03b7-ffff-ffff00000057/click</name>
                    <title>POST /session/:sessionId/element/00000000-0000-03b7-ffff-ffff00000057/click</title>
                    <attachments/>
                    <steps/>
                </step>
                <step start='1670525675204' status='passed' stop='1670525675232'>
                    <name>POST /session/:sessionId/elements</name>
                    <title>POST /session/:sessionId/elements</title>
                    <attachments>
                        <attachment title='Request' source='95c35ff0-103c-4a0d-a64d-50d1e3214597-attachment.json' type='application/json' size='72'/>
                        <attachment title='Response' source='d079c9a9-5e08-4cf9-a41a-04e5d4e0f261-attachment.json' type='application/json' size='586'/>
                    </attachments>
                    <steps/>
                </step>
                <step start='1670525675236' status='undefined'>
                    <name>GET /session/:sessionId/element/00000000-0000-03b8-ffff-ffff0000007c/text</name>
                    <title>GET /session/:sessionId/element/00000000-0000-03b8-ffff-ffff0000007c/text</title>
                    <attachments/>
                    <steps/>
                </step>
            </steps>
            <attachments/>
        </test-case>
        <test-case start='1670525675238' status='pending' stop='1670525675238'>
            <name>6:Visible within acreen 3 options</name>
            <title>6:Visible within acreen 3 options</title>
            <labels/>
            <parameters/>
            <steps/>
            <attachments/>
            <failure>
                <message>Test ignored</message>
                <stack-trace>undefined</stack-trace>
            </failure>
        </test-case>
        <test-case start='1670525675238' status='pending' stop='1670525675238'>
            <name>7:Inactive button is not interactable</name>
            <title>7:Inactive button is not interactable</title>
            <labels/>
            <parameters/>
            <steps/>
            <attachments/>
            <failure>
                <message>Test ignored</message>
                <stack-trace>undefined</stack-trace>
            </failure>
        </test-case>
        <test-case start='1670525675238' status='pending' stop='1670525675238'>
            <name>8:Native alerts are functional</name>
            <title>8:Native alerts are functional</title>
            <labels/>
            <parameters/>
            <steps/>
            <attachments/>
            <failure>
                <message>Test ignored</message>
                <stack-trace>undefined</stack-trace>
            </failure>
        </test-case>
        <test-case start='1670525675239' status='pending' stop='1670525675239'>
            <name>9:Keyboard availability</name>
            <title>9:Keyboard availability</title>
            <labels/>
            <parameters/>
            <steps/>
            <attachments/>
            <failure>
                <message>Test ignored</message>
                <stack-trace>undefined</stack-trace>
            </failure>
        </test-case>
    </test-cases>
</ns2:test-suite>