<?xml version='1.0'?>
<ns2:test-suite xmlns:ns2='urn:model.allure.qatools.yandex.ru' start='1670524391744' stop='1670524395202'>
    <name>Test cases</name>
    <title>Test cases</title>
    <test-cases>
        <test-case start='1670524391745' status='pending' stop='1670524391745'>
            <name>1: Default selection of tab</name>
            <title>1: Default selection of tab</title>
            <labels/>
            <parameters/>
            <steps/>
            <attachments/>
            <failure>
                <message>Test ignored</message>
                <stack-trace>undefined</stack-trace>
            </failure>
        </test-case>
        <test-case start='1670524391745' status='passed' stop='1670524393105'>
            <name>Form tab is available and clickable</name>
            <title>Form tab is available and clickable</title>
            <labels>
                <label name='language' value='javascript'/>
                <label name='framework' value='wdio'/>
                <label name='thread' value='0-0'/>
            </labels>
            <parameters>
                <parameter kind='argument' name='device' value='Pixel 3 for TEST 11-11'/>
            </parameters>
            <steps>
                <step start='1670524391748' status='passed' stop='1670524392434'>
                    <name>POST /session/:sessionId/element</name>
                    <title>POST /session/:sessionId/element</title>
                    <attachments>
                        <attachment title='Request' source='30aec95b-b478-466a-876d-c37a3fd5234b-attachment.json' type='application/json' size='53'/>
                        <attachment title='Response' source='b8de0470-a1c3-46d6-8396-8eb8d7045a14-attachment.json' type='application/json' size='136'/>
                    </attachments>
                    <steps/>
                </step>
                <step start='1670524392440' status='passed' stop='1670524392489'>
                    <name>POST /session/:sessionId/element/00000000-0000-0303-ffff-ffff00000024/click</name>
                    <title>POST /session/:sessionId/element/00000000-0000-0303-ffff-ffff00000024/click</title>
                    <attachments/>
                    <steps/>
                </step>
                <step start='1670524392490' status='passed' stop='1670524392516'>
                    <name>POST /session/:sessionId/element</name>
                    <title>POST /session/:sessionId/element</title>
                    <attachments>
                        <attachment title='Request' source='e119510e-121c-4a46-a783-4384cd70dcc3-attachment.json' type='application/json' size='60'/>
                        <attachment title='Response' source='d45e8564-3c9f-44c0-9238-beca1168f7db-attachment.json' type='application/json' size='794'/>
                    </attachments>
                    <steps/>
                </step>
                <step start='1670524392521' status='passed' stop='1670524392546'>
                    <name>POST /session/:sessionId/elements</name>
                    <title>POST /session/:sessionId/elements</title>
                    <attachments>
                        <attachment title='Request' source='f374287c-b1b9-4b9f-bc7c-c9193e30b631-attachment.json' type='application/json' size='60'/>
                        <attachment title='Response' source='642593b7-a55c-4625-8e8c-0c9cbd51a91b-attachment.json' type='application/json' size='2'/>
                    </attachments>
                    <steps/>
                </step>
                <step start='1670524393052' status='passed' stop='1670524393095'>
                    <name>POST /session/:sessionId/elements</name>
                    <title>POST /session/:sessionId/elements</title>
                    <attachments>
                        <attachment title='Request' source='f2285f70-67b8-4126-9be1-cb42f4c2169b-attachment.json' type='application/json' size='60'/>
                        <attachment title='Response' source='91cce220-983d-4a70-ad83-3a64fe6e2605-attachment.json' type='application/json' size='148'/>
                    </attachments>
                    <steps/>
                </step>
            </steps>
            <attachments/>
        </test-case>
        <test-case start='1670524393105' status='pending' stop='1670524393105'>
            <name>3:Color change on selection</name>
            <title>3:Color change on selection</title>
            <labels/>
            <parameters/>
            <steps/>
            <attachments/>
            <failure>
                <message>Test ignored</message>
                <stack-trace>undefined</stack-trace>
            </failure>
        </test-case>
        <test-case start='1670524393105' status='pending' stop='1670524393105'>
            <name>4:Input Behaviour</name>
            <title>4:Input Behaviour</title>
            <labels/>
            <parameters/>
            <steps/>
            <attachments/>
            <failure>
                <message>Test ignored</message>
                <stack-trace>undefined</stack-trace>
            </failure>
        </test-case>
        <test-case start='1670524393105' status='passed' stop='1670524395193'>
            <name>5:Picker element and 3 options</name>
            <title>5:Picker element and 3 options</title>
            <labels>
                <label name='language' value='javascript'/>
                <label name='framework' value='wdio'/>
                <label name='thread' value='0-0'/>
            </labels>
            <parameters>
                <parameter kind='argument' name='device' value='Pixel 3 for TEST 11-11'/>
            </parameters>
            <steps>
                <step start='1670524393106' status='passed' stop='1670524393134'>
                    <name>POST /session/:sessionId/element</name>
                    <title>POST /session/:sessionId/element</title>
                    <attachments>
                        <attachment title='Request' source='6a2e59e4-b573-4b83-813f-08e8d7bae387-attachment.json' type='application/json' size='56'/>
                        <attachment title='Response' source='93b2b90c-9be5-4d56-aa9d-2f73d121b056-attachment.json' type='application/json' size='136'/>
                    </attachments>
                    <steps/>
                </step>
                <step start='1670524393137' status='passed' stop='1670524393186'>
                    <name>POST /session/:sessionId/element/00000000-0000-0303-ffff-ffff00000057/click</name>
                    <title>POST /session/:sessionId/element/00000000-0000-0303-ffff-ffff00000057/click</title>
                    <attachments/>
                    <steps/>
                </step>
                <step start='1670524395190' status='undefined'>
                    <name>POST /session/:sessionId/elements</name>
                    <title>POST /session/:sessionId/elements</title>
                    <attachments>
                        <attachment title='Request' source='55ceb6aa-ca28-4e52-b96c-72fa05dc0ecf-attachment.json' type='application/json' size='72'/>
                    </attachments>
                    <steps/>
                </step>
            </steps>
            <attachments/>
        </test-case>
        <test-case start='1670524395201' status='pending' stop='1670524395201'>
            <name>6:Visible within acreen 3 options</name>
            <title>6:Visible within acreen 3 options</title>
            <labels/>
            <parameters/>
            <steps/>
            <attachments/>
            <failure>
                <message>Test ignored</message>
                <stack-trace>undefined</stack-trace>
            </failure>
        </test-case>
        <test-case start='1670524395201' status='pending' stop='1670524395201'>
            <name>7:Inactive button is not interactable</name>
            <title>7:Inactive button is not interactable</title>
            <labels/>
            <parameters/>
            <steps/>
            <attachments/>
            <failure>
                <message>Test ignored</message>
                <stack-trace>undefined</stack-trace>
            </failure>
        </test-case>
        <test-case start='1670524395201' status='pending' stop='1670524395201'>
            <name>8:Native alerts are functional</name>
            <title>8:Native alerts are functional</title>
            <labels/>
            <parameters/>
            <steps/>
            <attachments/>
            <failure>
                <message>Test ignored</message>
                <stack-trace>undefined</stack-trace>
            </failure>
        </test-case>
        <test-case start='1670524395202' status='pending' stop='1670524395202'>
            <name>9:Keyboard availability</name>
            <title>9:Keyboard availability</title>
            <labels/>
            <parameters/>
            <steps/>
            <attachments/>
            <failure>
                <message>Test ignored</message>
                <stack-trace>undefined</stack-trace>
            </failure>
        </test-case>
    </test-cases>
</ns2:test-suite>