<?xml version='1.0'?>
<ns2:test-suite xmlns:ns2='urn:model.allure.qatools.yandex.ru' start='1670526076575' stop='1670526080296'>
    <name>Test cases</name>
    <title>Test cases</title>
    <test-cases>
        <test-case start='1670526076575' status='pending' stop='1670526076575'>
            <name>1: Default selection of tab</name>
            <title>1: Default selection of tab</title>
            <labels/>
            <parameters/>
            <steps/>
            <attachments/>
            <failure>
                <message>Test ignored</message>
                <stack-trace>undefined</stack-trace>
            </failure>
        </test-case>
        <test-case start='1670526076575' status='passed' stop='1670526077961'>
            <name>Form tab is available and clickable</name>
            <title>Form tab is available and clickable</title>
            <labels>
                <label name='language' value='javascript'/>
                <label name='framework' value='wdio'/>
                <label name='thread' value='0-0'/>
            </labels>
            <parameters>
                <parameter kind='argument' name='device' value='Pixel 3 for TEST 11-11'/>
            </parameters>
            <steps>
                <step start='1670526076576' status='passed' stop='1670526077284'>
                    <name>POST /session/:sessionId/element</name>
                    <title>POST /session/:sessionId/element</title>
                    <attachments>
                        <attachment title='Request' source='f503d28f-ef17-430d-861c-8cc158fbb654-attachment.json' type='application/json' size='53'/>
                        <attachment title='Response' source='ccdad621-8c56-44f7-9e89-a04c1fb4a1c5-attachment.json' type='application/json' size='136'/>
                    </attachments>
                    <steps/>
                </step>
                <step start='1670526077293' status='passed' stop='1670526077346'>
                    <name>POST /session/:sessionId/element/00000000-0000-03ea-ffff-ffff00000024/click</name>
                    <title>POST /session/:sessionId/element/00000000-0000-03ea-ffff-ffff00000024/click</title>
                    <attachments/>
                    <steps/>
                </step>
                <step start='1670526077346' status='passed' stop='1670526077376'>
                    <name>POST /session/:sessionId/element</name>
                    <title>POST /session/:sessionId/element</title>
                    <attachments>
                        <attachment title='Request' source='a2761494-72c9-476c-a88d-ac854175c5f4-attachment.json' type='application/json' size='60'/>
                        <attachment title='Response' source='bc7aa89e-bc94-4fe3-8e6e-2efe3cb7de34-attachment.json' type='application/json' size='794'/>
                    </attachments>
                    <steps/>
                </step>
                <step start='1670526077380' status='passed' stop='1670526077401'>
                    <name>POST /session/:sessionId/elements</name>
                    <title>POST /session/:sessionId/elements</title>
                    <attachments>
                        <attachment title='Request' source='1b18f358-5c40-4163-877d-3f72f5a6c14a-attachment.json' type='application/json' size='60'/>
                        <attachment title='Response' source='83b8d1d0-18bd-4769-8544-b19f9d912157-attachment.json' type='application/json' size='2'/>
                    </attachments>
                    <steps/>
                </step>
                <step start='1670526077904' status='passed' stop='1670526077955'>
                    <name>POST /session/:sessionId/elements</name>
                    <title>POST /session/:sessionId/elements</title>
                    <attachments>
                        <attachment title='Request' source='1c3c6cde-568a-4423-bfa1-c9bb5fa7016a-attachment.json' type='application/json' size='60'/>
                        <attachment title='Response' source='447284f7-90bf-4a2a-9e62-3a0e725a6ebf-attachment.json' type='application/json' size='148'/>
                    </attachments>
                    <steps/>
                </step>
            </steps>
            <attachments/>
        </test-case>
        <test-case start='1670526077961' status='pending' stop='1670526077961'>
            <name>3:Color change on selection</name>
            <title>3:Color change on selection</title>
            <labels/>
            <parameters/>
            <steps/>
            <attachments/>
            <failure>
                <message>Test ignored</message>
                <stack-trace>undefined</stack-trace>
            </failure>
        </test-case>
        <test-case start='1670526077961' status='pending' stop='1670526077961'>
            <name>4:Input Behaviour</name>
            <title>4:Input Behaviour</title>
            <labels/>
            <parameters/>
            <steps/>
            <attachments/>
            <failure>
                <message>Test ignored</message>
                <stack-trace>undefined</stack-trace>
            </failure>
        </test-case>
        <test-case start='1670526077961' status='failed' stop='1670526080294'>
            <name>5:Picker element and 3 options</name>
            <title>5:Picker element and 3 options</title>
            <labels>
                <label name='language' value='javascript'/>
                <label name='framework' value='wdio'/>
                <label name='thread' value='0-0'/>
            </labels>
            <parameters>
                <parameter kind='argument' name='device' value='Pixel 3 for TEST 11-11'/>
            </parameters>
            <steps>
                <step start='1670526077962' status='passed' stop='1670526077986'>
                    <name>POST /session/:sessionId/element</name>
                    <title>POST /session/:sessionId/element</title>
                    <attachments>
                        <attachment title='Request' source='9c821cb9-97ea-450f-98d9-dfe383d46eb2-attachment.json' type='application/json' size='56'/>
                        <attachment title='Response' source='0ae3a658-6bc2-466d-b985-d5af09e8c4eb-attachment.json' type='application/json' size='136'/>
                    </attachments>
                    <steps/>
                </step>
                <step start='1670526077988' status='passed' stop='1670526078025'>
                    <name>POST /session/:sessionId/element/00000000-0000-03ea-ffff-ffff00000057/click</name>
                    <title>POST /session/:sessionId/element/00000000-0000-03ea-ffff-ffff00000057/click</title>
                    <attachments/>
                    <steps/>
                </step>
                <step start='1670526080032' status='failed' stop='1670526080294'>
                    <name>GET /session/:sessionId/screenshot</name>
                    <title>GET /session/:sessionId/screenshot</title>
                    <attachments/>
                    <steps>
                        <step start='1670526080033' status='passed' stop='1670526080293'>
                            <name>POST /session/:sessionId/elements</name>
                            <title>POST /session/:sessionId/elements</title>
                            <attachments>
                                <attachment title='Request' source='613351df-172d-493d-ad8b-4f5ff7a67c98-attachment.json' type='application/json' size='72'/>
                                <attachment title='Screenshot' source='83c21bc1-db3c-485d-a4fe-df5e385547b4-attachment.png' type='image/png' size='115168'/>
                            </attachments>
                            <steps/>
                        </step>
                    </steps>
                </step>
            </steps>
            <attachments/>
            <failure>
                <message>expect(received).toEqual(expected) // deep equality
                
                Expected: 3
                Received: {}</message>
                <stack-trace>Error: expect(received).toEqual(expected) // deep equality
                
                Expected: 3
                Received: {}
                    at Context.&lt;anonymous> (/Users/jahangirulhassan/Documents/TCoE-app-tests/test/specs/mobiletest/testscripts.js:38:35)</stack-trace>
            </failure>
        </test-case>
        <test-case start='1670526080295' status='pending' stop='1670526080295'>
            <name>6:Visible within acreen 3 options</name>
            <title>6:Visible within acreen 3 options</title>
            <labels/>
            <parameters/>
            <steps/>
            <attachments/>
            <failure>
                <message>Test ignored</message>
                <stack-trace>undefined</stack-trace>
            </failure>
        </test-case>
        <test-case start='1670526080295' status='pending' stop='1670526080295'>
            <name>7:Inactive button is not interactable</name>
            <title>7:Inactive button is not interactable</title>
            <labels/>
            <parameters/>
            <steps/>
            <attachments/>
            <failure>
                <message>Test ignored</message>
                <stack-trace>undefined</stack-trace>
            </failure>
        </test-case>
        <test-case start='1670526080295' status='pending' stop='1670526080295'>
            <name>8:Native alerts are functional</name>
            <title>8:Native alerts are functional</title>
            <labels/>
            <parameters/>
            <steps/>
            <attachments/>
            <failure>
                <message>Test ignored</message>
                <stack-trace>undefined</stack-trace>
            </failure>
        </test-case>
        <test-case start='1670526080295' status='pending' stop='1670526080295'>
            <name>9:Keyboard availability</name>
            <title>9:Keyboard availability</title>
            <labels/>
            <parameters/>
            <steps/>
            <attachments/>
            <failure>
                <message>Test ignored</message>
                <stack-trace>undefined</stack-trace>
            </failure>
        </test-case>
    </test-cases>
</ns2:test-suite>