<?xml version='1.0'?>
<ns2:test-suite xmlns:ns2='urn:model.allure.qatools.yandex.ru' start='1670525075472' stop='1670525079124'>
    <name>Test cases</name>
    <title>Test cases</title>
    <test-cases>
        <test-case start='1670525075472' status='pending' stop='1670525075472'>
            <name>1: Default selection of tab</name>
            <title>1: Default selection of tab</title>
            <labels/>
            <parameters/>
            <steps/>
            <attachments/>
            <failure>
                <message>Test ignored</message>
                <stack-trace>undefined</stack-trace>
            </failure>
        </test-case>
        <test-case start='1670525075472' status='passed' stop='1670525076830'>
            <name>Form tab is available and clickable</name>
            <title>Form tab is available and clickable</title>
            <labels>
                <label name='language' value='javascript'/>
                <label name='framework' value='wdio'/>
                <label name='thread' value='0-0'/>
            </labels>
            <parameters>
                <parameter kind='argument' name='device' value='Pixel 3 for TEST 11-11'/>
            </parameters>
            <steps>
                <step start='1670525075473' status='passed' stop='1670525076168'>
                    <name>POST /session/:sessionId/element</name>
                    <title>POST /session/:sessionId/element</title>
                    <attachments>
                        <attachment title='Request' source='ed72a498-437f-41df-a0cf-14e2ba26d2db-attachment.json' type='application/json' size='53'/>
                        <attachment title='Response' source='869a5d7c-ec1c-4ded-9ee9-44538f9c2487-attachment.json' type='application/json' size='136'/>
                    </attachments>
                    <steps/>
                </step>
                <step start='1670525076173' status='passed' stop='1670525076225'>
                    <name>POST /session/:sessionId/element/00000000-0000-0357-ffff-ffff00000024/click</name>
                    <title>POST /session/:sessionId/element/00000000-0000-0357-ffff-ffff00000024/click</title>
                    <attachments/>
                    <steps/>
                </step>
                <step start='1670525076226' status='passed' stop='1670525076252'>
                    <name>POST /session/:sessionId/element</name>
                    <title>POST /session/:sessionId/element</title>
                    <attachments>
                        <attachment title='Request' source='d83b0a46-f268-456e-849a-95441febdf25-attachment.json' type='application/json' size='60'/>
                        <attachment title='Response' source='df74b680-fe34-4c15-a85b-3b173c77b161-attachment.json' type='application/json' size='794'/>
                    </attachments>
                    <steps/>
                </step>
                <step start='1670525076256' status='passed' stop='1670525076282'>
                    <name>POST /session/:sessionId/elements</name>
                    <title>POST /session/:sessionId/elements</title>
                    <attachments>
                        <attachment title='Request' source='e166b7f9-4794-407b-af0f-c2bf81defd1f-attachment.json' type='application/json' size='60'/>
                        <attachment title='Response' source='ad2757d9-547d-494c-b67e-2e3479e0bc34-attachment.json' type='application/json' size='2'/>
                    </attachments>
                    <steps/>
                </step>
                <step start='1670525076786' status='passed' stop='1670525076825'>
                    <name>POST /session/:sessionId/elements</name>
                    <title>POST /session/:sessionId/elements</title>
                    <attachments>
                        <attachment title='Request' source='c902aadd-d3a2-468d-bda2-20744a6a682c-attachment.json' type='application/json' size='60'/>
                        <attachment title='Response' source='e8aa61b9-549d-4cd7-927e-2c141bb3fa8a-attachment.json' type='application/json' size='148'/>
                    </attachments>
                    <steps/>
                </step>
            </steps>
            <attachments/>
        </test-case>
        <test-case start='1670525076831' status='pending' stop='1670525076831'>
            <name>3:Color change on selection</name>
            <title>3:Color change on selection</title>
            <labels/>
            <parameters/>
            <steps/>
            <attachments/>
            <failure>
                <message>Test ignored</message>
                <stack-trace>undefined</stack-trace>
            </failure>
        </test-case>
        <test-case start='1670525076831' status='pending' stop='1670525076831'>
            <name>4:Input Behaviour</name>
            <title>4:Input Behaviour</title>
            <labels/>
            <parameters/>
            <steps/>
            <attachments/>
            <failure>
                <message>Test ignored</message>
                <stack-trace>undefined</stack-trace>
            </failure>
        </test-case>
        <test-case start='1670525076831' status='broken' stop='1670525079122'>
            <name>5:Picker element and 3 options</name>
            <title>5:Picker element and 3 options</title>
            <labels>
                <label name='language' value='javascript'/>
                <label name='framework' value='wdio'/>
                <label name='thread' value='0-0'/>
            </labels>
            <parameters>
                <parameter kind='argument' name='device' value='Pixel 3 for TEST 11-11'/>
            </parameters>
            <steps>
                <step start='1670525076832' status='passed' stop='1670525076857'>
                    <name>POST /session/:sessionId/element</name>
                    <title>POST /session/:sessionId/element</title>
                    <attachments>
                        <attachment title='Request' source='d566a846-052f-4b43-b9a1-9944113e61b1-attachment.json' type='application/json' size='56'/>
                        <attachment title='Response' source='34197bd8-d0c8-4f9f-a477-1a6e2e4cb165-attachment.json' type='application/json' size='136'/>
                    </attachments>
                    <steps/>
                </step>
                <step start='1670525076859' status='passed' stop='1670525076903'>
                    <name>POST /session/:sessionId/element/00000000-0000-0357-ffff-ffff00000057/click</name>
                    <title>POST /session/:sessionId/element/00000000-0000-0357-ffff-ffff00000057/click</title>
                    <attachments/>
                    <steps/>
                </step>
                <step start='1670525078906' status='passed' stop='1670525078933'>
                    <name>POST /session/:sessionId/elements</name>
                    <title>POST /session/:sessionId/elements</title>
                    <attachments>
                        <attachment title='Request' source='8ac6b0a2-8b40-4fec-90b5-06e95a9ffa38-attachment.json' type='application/json' size='72'/>
                        <attachment title='Response' source='e8a52e4c-60ea-4bb9-92cf-60fa31dd8907-attachment.json' type='application/json' size='586'/>
                    </attachments>
                    <steps/>
                </step>
                <step start='1670525078940' status='passed' stop='1670525079122'>
                    <name>GET /session/:sessionId/screenshot</name>
                    <title>GET /session/:sessionId/screenshot</title>
                    <attachments>
                        <attachment title='Screenshot' source='f62a3806-36eb-4216-84d3-b3de7c72e94c-attachment.png' type='image/png' size='114229'/>
                    </attachments>
                    <steps/>
                </step>
            </steps>
            <attachments/>
            <failure>
                <message>elem[prop] is not a function</message>
                <stack-trace>TypeError: elem[prop] is not a function
                    at process.processTicksAndRejections (node:internal/process/task_queues:95:5)
                    at async Context.&lt;anonymous> (/Users/jahangirulhassan/Documents/TCoE-app-tests/test/specs/mobiletest/testscripts.js:39:21)</stack-trace>
            </failure>
        </test-case>
        <test-case start='1670525079123' status='pending' stop='1670525079123'>
            <name>6:Visible within acreen 3 options</name>
            <title>6:Visible within acreen 3 options</title>
            <labels/>
            <parameters/>
            <steps/>
            <attachments/>
            <failure>
                <message>Test ignored</message>
                <stack-trace>undefined</stack-trace>
            </failure>
        </test-case>
        <test-case start='1670525079123' status='pending' stop='1670525079123'>
            <name>7:Inactive button is not interactable</name>
            <title>7:Inactive button is not interactable</title>
            <labels/>
            <parameters/>
            <steps/>
            <attachments/>
            <failure>
                <message>Test ignored</message>
                <stack-trace>undefined</stack-trace>
            </failure>
        </test-case>
        <test-case start='1670525079123' status='pending' stop='1670525079123'>
            <name>8:Native alerts are functional</name>
            <title>8:Native alerts are functional</title>
            <labels/>
            <parameters/>
            <steps/>
            <attachments/>
            <failure>
                <message>Test ignored</message>
                <stack-trace>undefined</stack-trace>
            </failure>
        </test-case>
        <test-case start='1670525079123' status='pending' stop='1670525079123'>
            <name>9:Keyboard availability</name>
            <title>9:Keyboard availability</title>
            <labels/>
            <parameters/>
            <steps/>
            <attachments/>
            <failure>
                <message>Test ignored</message>
                <stack-trace>undefined</stack-trace>
            </failure>
        </test-case>
    </test-cases>
</ns2:test-suite>