<?xml version='1.0'?>
<ns2:test-suite xmlns:ns2='urn:model.allure.qatools.yandex.ru' start='1670526039358' stop='1670526043511'>
    <name>Test cases</name>
    <title>Test cases</title>
    <test-cases>
        <test-case start='1670526039359' status='pending' stop='1670526039359'>
            <name>1: Default selection of tab</name>
            <title>1: Default selection of tab</title>
            <labels/>
            <parameters/>
            <steps/>
            <attachments/>
            <failure>
                <message>Test ignored</message>
                <stack-trace>undefined</stack-trace>
            </failure>
        </test-case>
        <test-case start='1670526039359' status='passed' stop='1670526040748'>
            <name>Form tab is available and clickable</name>
            <title>Form tab is available and clickable</title>
            <labels>
                <label name='language' value='javascript'/>
                <label name='framework' value='wdio'/>
                <label name='thread' value='0-0'/>
            </labels>
            <parameters>
                <parameter kind='argument' name='device' value='Pixel 3 for TEST 11-11'/>
            </parameters>
            <steps>
                <step start='1670526039360' status='passed' stop='1670526040061'>
                    <name>POST /session/:sessionId/element</name>
                    <title>POST /session/:sessionId/element</title>
                    <attachments>
                        <attachment title='Request' source='acc1bccd-50a9-4f88-827c-3fc490a7dd10-attachment.json' type='application/json' size='53'/>
                        <attachment title='Response' source='6d7f5206-e7ca-400d-8e18-a6f7e5c11e1d-attachment.json' type='application/json' size='136'/>
                    </attachments>
                    <steps/>
                </step>
                <step start='1670526040071' status='passed' stop='1670526040111'>
                    <name>POST /session/:sessionId/element/00000000-0000-03de-ffff-ffff00000024/click</name>
                    <title>POST /session/:sessionId/element/00000000-0000-03de-ffff-ffff00000024/click</title>
                    <attachments/>
                    <steps/>
                </step>
                <step start='1670526040111' status='passed' stop='1670526040139'>
                    <name>POST /session/:sessionId/element</name>
                    <title>POST /session/:sessionId/element</title>
                    <attachments>
                        <attachment title='Request' source='ee5c596c-39dd-4fbb-9745-0b95fe5ff9fb-attachment.json' type='application/json' size='60'/>
                        <attachment title='Response' source='97d758ff-725a-4661-a171-441aadddd6da-attachment.json' type='application/json' size='794'/>
                    </attachments>
                    <steps/>
                </step>
                <step start='1670526040142' status='passed' stop='1670526040161'>
                    <name>POST /session/:sessionId/elements</name>
                    <title>POST /session/:sessionId/elements</title>
                    <attachments>
                        <attachment title='Request' source='4341b9db-3c44-4727-b6dc-b6cab778a6fe-attachment.json' type='application/json' size='60'/>
                        <attachment title='Response' source='f1d1c843-3a21-40b4-b800-816c378a8aca-attachment.json' type='application/json' size='2'/>
                    </attachments>
                    <steps/>
                </step>
                <step start='1670526040667' status='passed' stop='1670526040741'>
                    <name>POST /session/:sessionId/elements</name>
                    <title>POST /session/:sessionId/elements</title>
                    <attachments>
                        <attachment title='Request' source='e52db9cf-3f53-4b17-9910-3d06ce2ec7b0-attachment.json' type='application/json' size='60'/>
                        <attachment title='Response' source='f891edd2-01d8-40ea-b8e8-005793c32980-attachment.json' type='application/json' size='148'/>
                    </attachments>
                    <steps/>
                </step>
            </steps>
            <attachments/>
        </test-case>
        <test-case start='1670526040749' status='pending' stop='1670526040749'>
            <name>3:Color change on selection</name>
            <title>3:Color change on selection</title>
            <labels/>
            <parameters/>
            <steps/>
            <attachments/>
            <failure>
                <message>Test ignored</message>
                <stack-trace>undefined</stack-trace>
            </failure>
        </test-case>
        <test-case start='1670526040749' status='pending' stop='1670526040749'>
            <name>4:Input Behaviour</name>
            <title>4:Input Behaviour</title>
            <labels/>
            <parameters/>
            <steps/>
            <attachments/>
            <failure>
                <message>Test ignored</message>
                <stack-trace>undefined</stack-trace>
            </failure>
        </test-case>
        <test-case start='1670526040749' status='failed' stop='1670526043509'>
            <name>5:Picker element and 3 options</name>
            <title>5:Picker element and 3 options</title>
            <labels>
                <label name='language' value='javascript'/>
                <label name='framework' value='wdio'/>
                <label name='thread' value='0-0'/>
            </labels>
            <parameters>
                <parameter kind='argument' name='device' value='Pixel 3 for TEST 11-11'/>
            </parameters>
            <steps>
                <step start='1670526040750' status='passed' stop='1670526040790'>
                    <name>POST /session/:sessionId/element</name>
                    <title>POST /session/:sessionId/element</title>
                    <attachments>
                        <attachment title='Request' source='62119ffb-301c-4e9b-904d-f348123a7405-attachment.json' type='application/json' size='56'/>
                        <attachment title='Response' source='034e43f2-32bf-4057-b924-a1b4001440ce-attachment.json' type='application/json' size='136'/>
                    </attachments>
                    <steps/>
                </step>
                <step start='1670526040793' status='passed' stop='1670526040850'>
                    <name>POST /session/:sessionId/element/00000000-0000-03de-ffff-ffff00000057/click</name>
                    <title>POST /session/:sessionId/element/00000000-0000-03de-ffff-ffff00000057/click</title>
                    <attachments/>
                    <steps/>
                </step>
                <step start='1670526042857' status='failed' stop='1670526043509'>
                    <name>GET /session/:sessionId/screenshot</name>
                    <title>GET /session/:sessionId/screenshot</title>
                    <attachments/>
                    <steps>
                        <step start='1670526042858' status='passed' stop='1670526043509'>
                            <name>POST /session/:sessionId/elements</name>
                            <title>POST /session/:sessionId/elements</title>
                            <attachments>
                                <attachment title='Request' source='25807c35-f14e-4987-a6e0-0bb18210f68c-attachment.json' type='application/json' size='72'/>
                                <attachment title='Screenshot' source='6b13edf7-d471-428f-ba7a-71db0648c850-attachment.png' type='image/png' size='115104'/>
                            </attachments>
                            <steps/>
                        </step>
                    </steps>
                </step>
            </steps>
            <attachments/>
            <failure>
                <message>expect(received).toEqual(expected) // deep equality
                
                Expected: 3
                Received: {}</message>
                <stack-trace>Error: expect(received).toEqual(expected) // deep equality
                
                Expected: 3
                Received: {}
                    at Context.&lt;anonymous> (/Users/jahangirulhassan/Documents/TCoE-app-tests/test/specs/mobiletest/testscripts.js:38:29)</stack-trace>
            </failure>
        </test-case>
        <test-case start='1670526043510' status='pending' stop='1670526043510'>
            <name>6:Visible within acreen 3 options</name>
            <title>6:Visible within acreen 3 options</title>
            <labels/>
            <parameters/>
            <steps/>
            <attachments/>
            <failure>
                <message>Test ignored</message>
                <stack-trace>undefined</stack-trace>
            </failure>
        </test-case>
        <test-case start='1670526043510' status='pending' stop='1670526043510'>
            <name>7:Inactive button is not interactable</name>
            <title>7:Inactive button is not interactable</title>
            <labels/>
            <parameters/>
            <steps/>
            <attachments/>
            <failure>
                <message>Test ignored</message>
                <stack-trace>undefined</stack-trace>
            </failure>
        </test-case>
        <test-case start='1670526043510' status='pending' stop='1670526043510'>
            <name>8:Native alerts are functional</name>
            <title>8:Native alerts are functional</title>
            <labels/>
            <parameters/>
            <steps/>
            <attachments/>
            <failure>
                <message>Test ignored</message>
                <stack-trace>undefined</stack-trace>
            </failure>
        </test-case>
        <test-case start='1670526043510' status='pending' stop='1670526043510'>
            <name>9:Keyboard availability</name>
            <title>9:Keyboard availability</title>
            <labels/>
            <parameters/>
            <steps/>
            <attachments/>
            <failure>
                <message>Test ignored</message>
                <stack-trace>undefined</stack-trace>
            </failure>
        </test-case>
    </test-cases>
</ns2:test-suite>