<?xml version='1.0'?>
<ns2:test-suite xmlns:ns2='urn:model.allure.qatools.yandex.ru' start='1670524899919' stop='1670524903390'>
    <name>Test cases</name>
    <title>Test cases</title>
    <test-cases>
        <test-case start='1670524899919' status='pending' stop='1670524899919'>
            <name>1: Default selection of tab</name>
            <title>1: Default selection of tab</title>
            <labels/>
            <parameters/>
            <steps/>
            <attachments/>
            <failure>
                <message>Test ignored</message>
                <stack-trace>undefined</stack-trace>
            </failure>
        </test-case>
        <test-case start='1670524899920' status='passed' stop='1670524901269'>
            <name>Form tab is available and clickable</name>
            <title>Form tab is available and clickable</title>
            <labels>
                <label name='language' value='javascript'/>
                <label name='framework' value='wdio'/>
                <label name='thread' value='0-0'/>
            </labels>
            <parameters>
                <parameter kind='argument' name='device' value='Pixel 3 for TEST 11-11'/>
            </parameters>
            <steps>
                <step start='1670524899922' status='passed' stop='1670524900609'>
                    <name>POST /session/:sessionId/element</name>
                    <title>POST /session/:sessionId/element</title>
                    <attachments>
                        <attachment title='Request' source='7805625a-065d-430a-9595-27df8e0cd153-attachment.json' type='application/json' size='53'/>
                        <attachment title='Response' source='a0903eef-f67c-41e6-a129-9497e1b4fb37-attachment.json' type='application/json' size='136'/>
                    </attachments>
                    <steps/>
                </step>
                <step start='1670524900618' status='passed' stop='1670524900661'>
                    <name>POST /session/:sessionId/element/00000000-0000-0327-ffff-ffff00000024/click</name>
                    <title>POST /session/:sessionId/element/00000000-0000-0327-ffff-ffff00000024/click</title>
                    <attachments/>
                    <steps/>
                </step>
                <step start='1670524900661' status='passed' stop='1670524900689'>
                    <name>POST /session/:sessionId/element</name>
                    <title>POST /session/:sessionId/element</title>
                    <attachments>
                        <attachment title='Request' source='9e171607-837f-4e21-92fc-9f7923b19700-attachment.json' type='application/json' size='60'/>
                        <attachment title='Response' source='2b93dff2-5c33-483c-819d-1447e80a248f-attachment.json' type='application/json' size='794'/>
                    </attachments>
                    <steps/>
                </step>
                <step start='1670524900697' status='passed' stop='1670524900720'>
                    <name>POST /session/:sessionId/elements</name>
                    <title>POST /session/:sessionId/elements</title>
                    <attachments>
                        <attachment title='Request' source='3a19900e-4f6e-43e2-8840-6cb4023d68cf-attachment.json' type='application/json' size='60'/>
                        <attachment title='Response' source='6ddd6858-973a-4cc5-a262-888b96d04599-attachment.json' type='application/json' size='2'/>
                    </attachments>
                    <steps/>
                </step>
                <step start='1670524901226' status='passed' stop='1670524901261'>
                    <name>POST /session/:sessionId/elements</name>
                    <title>POST /session/:sessionId/elements</title>
                    <attachments>
                        <attachment title='Request' source='0b94f778-2bdd-421a-9e52-f213684cf8a8-attachment.json' type='application/json' size='60'/>
                        <attachment title='Response' source='33fc0eaf-c349-4b1c-b593-aec0b38fc78f-attachment.json' type='application/json' size='148'/>
                    </attachments>
                    <steps/>
                </step>
            </steps>
            <attachments/>
        </test-case>
        <test-case start='1670524901269' status='pending' stop='1670524901269'>
            <name>3:Color change on selection</name>
            <title>3:Color change on selection</title>
            <labels/>
            <parameters/>
            <steps/>
            <attachments/>
            <failure>
                <message>Test ignored</message>
                <stack-trace>undefined</stack-trace>
            </failure>
        </test-case>
        <test-case start='1670524901269' status='pending' stop='1670524901269'>
            <name>4:Input Behaviour</name>
            <title>4:Input Behaviour</title>
            <labels/>
            <parameters/>
            <steps/>
            <attachments/>
            <failure>
                <message>Test ignored</message>
                <stack-trace>undefined</stack-trace>
            </failure>
        </test-case>
        <test-case start='1670524901269' status='passed' stop='1670524903387'>
            <name>5:Picker element and 3 options</name>
            <title>5:Picker element and 3 options</title>
            <labels>
                <label name='language' value='javascript'/>
                <label name='framework' value='wdio'/>
                <label name='thread' value='0-0'/>
            </labels>
            <parameters>
                <parameter kind='argument' name='device' value='Pixel 3 for TEST 11-11'/>
            </parameters>
            <steps>
                <step start='1670524901270' status='passed' stop='1670524901297'>
                    <name>POST /session/:sessionId/element</name>
                    <title>POST /session/:sessionId/element</title>
                    <attachments>
                        <attachment title='Request' source='363033bc-49cb-461b-b5a4-00203ade7ae8-attachment.json' type='application/json' size='56'/>
                        <attachment title='Response' source='58246191-5517-46af-9931-0a2c03896781-attachment.json' type='application/json' size='136'/>
                    </attachments>
                    <steps/>
                </step>
                <step start='1670524901299' status='passed' stop='1670524901340'>
                    <name>POST /session/:sessionId/element/00000000-0000-0327-ffff-ffff00000057/click</name>
                    <title>POST /session/:sessionId/element/00000000-0000-0327-ffff-ffff00000057/click</title>
                    <attachments/>
                    <steps/>
                </step>
                <step start='1670524903343' status='passed' stop='1670524903376'>
                    <name>POST /session/:sessionId/elements</name>
                    <title>POST /session/:sessionId/elements</title>
                    <attachments>
                        <attachment title='Request' source='bc1e04ca-7b47-4df9-a0f9-59cecc838848-attachment.json' type='application/json' size='72'/>
                        <attachment title='Response' source='6c31a769-69ac-463d-bf4a-9fb0a09b311c-attachment.json' type='application/json' size='586'/>
                    </attachments>
                    <steps/>
                </step>
            </steps>
            <attachments/>
        </test-case>
        <test-case start='1670524903388' status='pending' stop='1670524903388'>
            <name>6:Visible within acreen 3 options</name>
            <title>6:Visible within acreen 3 options</title>
            <labels/>
            <parameters/>
            <steps/>
            <attachments/>
            <failure>
                <message>Test ignored</message>
                <stack-trace>undefined</stack-trace>
            </failure>
        </test-case>
        <test-case start='1670524903389' status='pending' stop='1670524903389'>
            <name>7:Inactive button is not interactable</name>
            <title>7:Inactive button is not interactable</title>
            <labels/>
            <parameters/>
            <steps/>
            <attachments/>
            <failure>
                <message>Test ignored</message>
                <stack-trace>undefined</stack-trace>
            </failure>
        </test-case>
        <test-case start='1670524903389' status='pending' stop='1670524903389'>
            <name>8:Native alerts are functional</name>
            <title>8:Native alerts are functional</title>
            <labels/>
            <parameters/>
            <steps/>
            <attachments/>
            <failure>
                <message>Test ignored</message>
                <stack-trace>undefined</stack-trace>
            </failure>
        </test-case>
        <test-case start='1670524903389' status='pending' stop='1670524903389'>
            <name>9:Keyboard availability</name>
            <title>9:Keyboard availability</title>
            <labels/>
            <parameters/>
            <steps/>
            <attachments/>
            <failure>
                <message>Test ignored</message>
                <stack-trace>undefined</stack-trace>
            </failure>
        </test-case>
    </test-cases>
</ns2:test-suite>