<?xml version='1.0'?>
<ns2:test-suite xmlns:ns2='urn:model.allure.qatools.yandex.ru' start='1670524015908' stop='1670524019360'>
    <name>Test cases</name>
    <title>Test cases</title>
    <test-cases>
        <test-case start='1670524015909' status='pending' stop='1670524015909'>
            <name>1: Default selection of tab</name>
            <title>1: Default selection of tab</title>
            <labels/>
            <parameters/>
            <steps/>
            <attachments/>
            <failure>
                <message>Test ignored</message>
                <stack-trace>undefined</stack-trace>
            </failure>
        </test-case>
        <test-case start='1670524015909' status='passed' stop='1670524017262'>
            <name>Form tab is available and clickable</name>
            <title>Form tab is available and clickable</title>
            <labels>
                <label name='language' value='javascript'/>
                <label name='framework' value='wdio'/>
                <label name='thread' value='0-0'/>
            </labels>
            <parameters>
                <parameter kind='argument' name='device' value='Pixel 3 for TEST 11-11'/>
            </parameters>
            <steps>
                <step start='1670524015911' status='passed' stop='1670524016590'>
                    <name>POST /session/:sessionId/element</name>
                    <title>POST /session/:sessionId/element</title>
                    <attachments>
                        <attachment title='Request' source='7ba7ed69-41ce-4fde-bf95-5148e716cce5-attachment.json' type='application/json' size='53'/>
                        <attachment title='Response' source='a7270266-2c49-4626-8e7b-0b1349433223-attachment.json' type='application/json' size='136'/>
                    </attachments>
                    <steps/>
                </step>
                <step start='1670524016601' status='passed' stop='1670524016646'>
                    <name>POST /session/:sessionId/element/00000000-0000-02d3-ffff-ffff00000024/click</name>
                    <title>POST /session/:sessionId/element/00000000-0000-02d3-ffff-ffff00000024/click</title>
                    <attachments/>
                    <steps/>
                </step>
                <step start='1670524016647' status='passed' stop='1670524016674'>
                    <name>POST /session/:sessionId/element</name>
                    <title>POST /session/:sessionId/element</title>
                    <attachments>
                        <attachment title='Request' source='2aa30de6-c441-440f-a848-13511c748031-attachment.json' type='application/json' size='60'/>
                        <attachment title='Response' source='fadffb72-7355-4aca-87d7-d98062316a85-attachment.json' type='application/json' size='794'/>
                    </attachments>
                    <steps/>
                </step>
                <step start='1670524016686' status='passed' stop='1670524016710'>
                    <name>POST /session/:sessionId/elements</name>
                    <title>POST /session/:sessionId/elements</title>
                    <attachments>
                        <attachment title='Request' source='efb6e7b0-371a-4b62-8b95-da7a8c6daa1a-attachment.json' type='application/json' size='60'/>
                        <attachment title='Response' source='f4d71312-de8f-40f9-b292-2fad64be1827-attachment.json' type='application/json' size='2'/>
                    </attachments>
                    <steps/>
                </step>
                <step start='1670524017216' status='passed' stop='1670524017255'>
                    <name>POST /session/:sessionId/elements</name>
                    <title>POST /session/:sessionId/elements</title>
                    <attachments>
                        <attachment title='Request' source='f43de635-47aa-4d7a-8f67-568067c5b594-attachment.json' type='application/json' size='60'/>
                        <attachment title='Response' source='26afb147-1cd1-4a02-8951-b0aeb9a3f183-attachment.json' type='application/json' size='148'/>
                    </attachments>
                    <steps/>
                </step>
            </steps>
            <attachments/>
        </test-case>
        <test-case start='1670524017262' status='pending' stop='1670524017262'>
            <name>3:Color change on selection</name>
            <title>3:Color change on selection</title>
            <labels/>
            <parameters/>
            <steps/>
            <attachments/>
            <failure>
                <message>Test ignored</message>
                <stack-trace>undefined</stack-trace>
            </failure>
        </test-case>
        <test-case start='1670524017262' status='pending' stop='1670524017262'>
            <name>4:Input Behaviour</name>
            <title>4:Input Behaviour</title>
            <labels/>
            <parameters/>
            <steps/>
            <attachments/>
            <failure>
                <message>Test ignored</message>
                <stack-trace>undefined</stack-trace>
            </failure>
        </test-case>
        <test-case start='1670524017262' status='passed' stop='1670524019351'>
            <name>5:Picker element and 3 options</name>
            <title>5:Picker element and 3 options</title>
            <labels>
                <label name='language' value='javascript'/>
                <label name='framework' value='wdio'/>
                <label name='thread' value='0-0'/>
            </labels>
            <parameters>
                <parameter kind='argument' name='device' value='Pixel 3 for TEST 11-11'/>
            </parameters>
            <steps>
                <step start='1670524017263' status='passed' stop='1670524017288'>
                    <name>POST /session/:sessionId/element</name>
                    <title>POST /session/:sessionId/element</title>
                    <attachments>
                        <attachment title='Request' source='2f1e1088-44f4-4cac-9200-7730286d1d21-attachment.json' type='application/json' size='56'/>
                        <attachment title='Response' source='4a14e1af-3de1-4555-a569-25cfbe9908d2-attachment.json' type='application/json' size='136'/>
                    </attachments>
                    <steps/>
                </step>
                <step start='1670524017291' status='passed' stop='1670524017345'>
                    <name>POST /session/:sessionId/element/00000000-0000-02d3-ffff-ffff00000057/click</name>
                    <title>POST /session/:sessionId/element/00000000-0000-02d3-ffff-ffff00000057/click</title>
                    <attachments/>
                    <steps/>
                </step>
                <step start='1670524019348' status='undefined'>
                    <name>POST /session/:sessionId/elements</name>
                    <title>POST /session/:sessionId/elements</title>
                    <attachments>
                        <attachment title='Request' source='8a190b67-48d6-4642-a884-f538c314981f-attachment.json' type='application/json' size='72'/>
                    </attachments>
                    <steps/>
                </step>
            </steps>
            <attachments/>
        </test-case>
        <test-case start='1670524019358' status='pending' stop='1670524019358'>
            <name>6:Visible within acreen 3 options</name>
            <title>6:Visible within acreen 3 options</title>
            <labels/>
            <parameters/>
            <steps/>
            <attachments/>
            <failure>
                <message>Test ignored</message>
                <stack-trace>undefined</stack-trace>
            </failure>
        </test-case>
        <test-case start='1670524019358' status='pending' stop='1670524019358'>
            <name>7:Inactive button is not interactable</name>
            <title>7:Inactive button is not interactable</title>
            <labels/>
            <parameters/>
            <steps/>
            <attachments/>
            <failure>
                <message>Test ignored</message>
                <stack-trace>undefined</stack-trace>
            </failure>
        </test-case>
        <test-case start='1670524019359' status='pending' stop='1670524019359'>
            <name>8:Native alerts are functional</name>
            <title>8:Native alerts are functional</title>
            <labels/>
            <parameters/>
            <steps/>
            <attachments/>
            <failure>
                <message>Test ignored</message>
                <stack-trace>undefined</stack-trace>
            </failure>
        </test-case>
        <test-case start='1670524019359' status='pending' stop='1670524019359'>
            <name>9:Keyboard availability</name>
            <title>9:Keyboard availability</title>
            <labels/>
            <parameters/>
            <steps/>
            <attachments/>
            <failure>
                <message>Test ignored</message>
                <stack-trace>undefined</stack-trace>
            </failure>
        </test-case>
    </test-cases>
</ns2:test-suite>