<?xml version='1.0'?>
<ns2:test-suite xmlns:ns2='urn:model.allure.qatools.yandex.ru' start='1670524107363' stop='1670524110840'>
    <name>Test cases</name>
    <title>Test cases</title>
    <test-cases>
        <test-case start='1670524107364' status='pending' stop='1670524107364'>
            <name>1: Default selection of tab</name>
            <title>1: Default selection of tab</title>
            <labels/>
            <parameters/>
            <steps/>
            <attachments/>
            <failure>
                <message>Test ignored</message>
                <stack-trace>undefined</stack-trace>
            </failure>
        </test-case>
        <test-case start='1670524107364' status='passed' stop='1670524108699'>
            <name>Form tab is available and clickable</name>
            <title>Form tab is available and clickable</title>
            <labels>
                <label name='language' value='javascript'/>
                <label name='framework' value='wdio'/>
                <label name='thread' value='0-0'/>
            </labels>
            <parameters>
                <parameter kind='argument' name='device' value='Pixel 3 for TEST 11-11'/>
            </parameters>
            <steps>
                <step start='1670524107366' status='passed' stop='1670524108046'>
                    <name>POST /session/:sessionId/element</name>
                    <title>POST /session/:sessionId/element</title>
                    <attachments>
                        <attachment title='Request' source='87aae2a6-aecb-4344-81e7-d591f7e10a8c-attachment.json' type='application/json' size='53'/>
                        <attachment title='Response' source='44e175d2-0e3b-4531-8be9-3d7d7780a49b-attachment.json' type='application/json' size='136'/>
                    </attachments>
                    <steps/>
                </step>
                <step start='1670524108057' status='passed' stop='1670524108096'>
                    <name>POST /session/:sessionId/element/00000000-0000-02df-ffff-ffff00000024/click</name>
                    <title>POST /session/:sessionId/element/00000000-0000-02df-ffff-ffff00000024/click</title>
                    <attachments/>
                    <steps/>
                </step>
                <step start='1670524108096' status='passed' stop='1670524108125'>
                    <name>POST /session/:sessionId/element</name>
                    <title>POST /session/:sessionId/element</title>
                    <attachments>
                        <attachment title='Request' source='fb558ce7-2ea1-40c1-9254-ad954c757e2d-attachment.json' type='application/json' size='60'/>
                        <attachment title='Response' source='080f2ddd-32e2-46c1-ba6b-2d252136831f-attachment.json' type='application/json' size='794'/>
                    </attachments>
                    <steps/>
                </step>
                <step start='1670524108134' status='passed' stop='1670524108159'>
                    <name>POST /session/:sessionId/elements</name>
                    <title>POST /session/:sessionId/elements</title>
                    <attachments>
                        <attachment title='Request' source='6d9cf5fc-e165-4308-a8a5-05dd32a1604e-attachment.json' type='application/json' size='60'/>
                        <attachment title='Response' source='2202e007-c88e-458b-90ef-7b51a3a0f1d9-attachment.json' type='application/json' size='2'/>
                    </attachments>
                    <steps/>
                </step>
                <step start='1670524108665' status='passed' stop='1670524108690'>
                    <name>POST /session/:sessionId/elements</name>
                    <title>POST /session/:sessionId/elements</title>
                    <attachments>
                        <attachment title='Request' source='f2adc8f2-17e3-4a51-8776-2f29d2253726-attachment.json' type='application/json' size='60'/>
                        <attachment title='Response' source='7fb2bf72-cffd-4884-8bda-5a2b903a27fe-attachment.json' type='application/json' size='148'/>
                    </attachments>
                    <steps/>
                </step>
            </steps>
            <attachments/>
        </test-case>
        <test-case start='1670524108699' status='pending' stop='1670524108699'>
            <name>3:Color change on selection</name>
            <title>3:Color change on selection</title>
            <labels/>
            <parameters/>
            <steps/>
            <attachments/>
            <failure>
                <message>Test ignored</message>
                <stack-trace>undefined</stack-trace>
            </failure>
        </test-case>
        <test-case start='1670524108700' status='pending' stop='1670524108700'>
            <name>4:Input Behaviour</name>
            <title>4:Input Behaviour</title>
            <labels/>
            <parameters/>
            <steps/>
            <attachments/>
            <failure>
                <message>Test ignored</message>
                <stack-trace>undefined</stack-trace>
            </failure>
        </test-case>
        <test-case start='1670524108700' status='passed' stop='1670524110833'>
            <name>5:Picker element and 3 options</name>
            <title>5:Picker element and 3 options</title>
            <labels>
                <label name='language' value='javascript'/>
                <label name='framework' value='wdio'/>
                <label name='thread' value='0-0'/>
            </labels>
            <parameters>
                <parameter kind='argument' name='device' value='Pixel 3 for TEST 11-11'/>
            </parameters>
            <steps>
                <step start='1670524108702' status='passed' stop='1670524108739'>
                    <name>POST /session/:sessionId/element</name>
                    <title>POST /session/:sessionId/element</title>
                    <attachments>
                        <attachment title='Request' source='72c2d830-a664-4ef5-85f6-7b21c205e33a-attachment.json' type='application/json' size='56'/>
                        <attachment title='Response' source='495007d7-be64-41bd-adca-cc13d1b0fdae-attachment.json' type='application/json' size='136'/>
                    </attachments>
                    <steps/>
                </step>
                <step start='1670524108742' status='passed' stop='1670524108828'>
                    <name>POST /session/:sessionId/element/00000000-0000-02df-ffff-ffff00000057/click</name>
                    <title>POST /session/:sessionId/element/00000000-0000-02df-ffff-ffff00000057/click</title>
                    <attachments/>
                    <steps/>
                </step>
                <step start='1670524110831' status='undefined'>
                    <name>POST /session/:sessionId/elements</name>
                    <title>POST /session/:sessionId/elements</title>
                    <attachments>
                        <attachment title='Request' source='c4d9d01d-ad48-4fe0-83d7-83923783402a-attachment.json' type='application/json' size='72'/>
                    </attachments>
                    <steps/>
                </step>
            </steps>
            <attachments/>
        </test-case>
        <test-case start='1670524110839' status='pending' stop='1670524110839'>
            <name>6:Visible within acreen 3 options</name>
            <title>6:Visible within acreen 3 options</title>
            <labels/>
            <parameters/>
            <steps/>
            <attachments/>
            <failure>
                <message>Test ignored</message>
                <stack-trace>undefined</stack-trace>
            </failure>
        </test-case>
        <test-case start='1670524110839' status='pending' stop='1670524110839'>
            <name>7:Inactive button is not interactable</name>
            <title>7:Inactive button is not interactable</title>
            <labels/>
            <parameters/>
            <steps/>
            <attachments/>
            <failure>
                <message>Test ignored</message>
                <stack-trace>undefined</stack-trace>
            </failure>
        </test-case>
        <test-case start='1670524110840' status='pending' stop='1670524110840'>
            <name>8:Native alerts are functional</name>
            <title>8:Native alerts are functional</title>
            <labels/>
            <parameters/>
            <steps/>
            <attachments/>
            <failure>
                <message>Test ignored</message>
                <stack-trace>undefined</stack-trace>
            </failure>
        </test-case>
        <test-case start='1670524110840' status='pending' stop='1670524110840'>
            <name>9:Keyboard availability</name>
            <title>9:Keyboard availability</title>
            <labels/>
            <parameters/>
            <steps/>
            <attachments/>
            <failure>
                <message>Test ignored</message>
                <stack-trace>undefined</stack-trace>
            </failure>
        </test-case>
    </test-cases>
</ns2:test-suite>