<?xml version='1.0'?>
<ns2:test-suite xmlns:ns2='urn:model.allure.qatools.yandex.ru' start='1670525012195' stop='1670525015827'>
    <name>Test cases</name>
    <title>Test cases</title>
    <test-cases>
        <test-case start='1670525012195' status='pending' stop='1670525012195'>
            <name>1: Default selection of tab</name>
            <title>1: Default selection of tab</title>
            <labels/>
            <parameters/>
            <steps/>
            <attachments/>
            <failure>
                <message>Test ignored</message>
                <stack-trace>undefined</stack-trace>
            </failure>
        </test-case>
        <test-case start='1670525012195' status='passed' stop='1670525013251'>
            <name>Form tab is available and clickable</name>
            <title>Form tab is available and clickable</title>
            <labels>
                <label name='language' value='javascript'/>
                <label name='framework' value='wdio'/>
                <label name='thread' value='0-0'/>
            </labels>
            <parameters>
                <parameter kind='argument' name='device' value='Pixel 3 for TEST 11-11'/>
            </parameters>
            <steps>
                <step start='1670525012196' status='passed' stop='1670525013085'>
                    <name>POST /session/:sessionId/element</name>
                    <title>POST /session/:sessionId/element</title>
                    <attachments>
                        <attachment title='Request' source='4428479d-3246-4d96-bf94-7f509a8f1be0-attachment.json' type='application/json' size='53'/>
                        <attachment title='Response' source='56f004ea-347f-486c-a45f-dfb560356bb5-attachment.json' type='application/json' size='136'/>
                    </attachments>
                    <steps/>
                </step>
                <step start='1670525013093' status='passed' stop='1670525013145'>
                    <name>POST /session/:sessionId/element/00000000-0000-034b-ffff-ffff00000024/click</name>
                    <title>POST /session/:sessionId/element/00000000-0000-034b-ffff-ffff00000024/click</title>
                    <attachments/>
                    <steps/>
                </step>
                <step start='1670525013146' status='passed' stop='1670525013167'>
                    <name>POST /session/:sessionId/element</name>
                    <title>POST /session/:sessionId/element</title>
                    <attachments>
                        <attachment title='Request' source='fa914deb-fca4-4139-89f9-f1cb6143b468-attachment.json' type='application/json' size='60'/>
                        <attachment title='Response' source='3d458275-2985-427d-aa38-2826c39d03e6-attachment.json' type='application/json' size='794'/>
                    </attachments>
                    <steps/>
                </step>
                <step start='1670525013170' status='passed' stop='1670525013248'>
                    <name>POST /session/:sessionId/elements</name>
                    <title>POST /session/:sessionId/elements</title>
                    <attachments>
                        <attachment title='Request' source='9e26c91b-f66c-4e7b-802a-3f5bef9178ac-attachment.json' type='application/json' size='60'/>
                        <attachment title='Response' source='b2509240-2665-45f2-800f-7684d0cb8f41-attachment.json' type='application/json' size='148'/>
                    </attachments>
                    <steps/>
                </step>
            </steps>
            <attachments/>
        </test-case>
        <test-case start='1670525013251' status='pending' stop='1670525013251'>
            <name>3:Color change on selection</name>
            <title>3:Color change on selection</title>
            <labels/>
            <parameters/>
            <steps/>
            <attachments/>
            <failure>
                <message>Test ignored</message>
                <stack-trace>undefined</stack-trace>
            </failure>
        </test-case>
        <test-case start='1670525013251' status='pending' stop='1670525013251'>
            <name>4:Input Behaviour</name>
            <title>4:Input Behaviour</title>
            <labels/>
            <parameters/>
            <steps/>
            <attachments/>
            <failure>
                <message>Test ignored</message>
                <stack-trace>undefined</stack-trace>
            </failure>
        </test-case>
        <test-case start='1670525013251' status='passed' stop='1670525015826'>
            <name>5:Picker element and 3 options</name>
            <title>5:Picker element and 3 options</title>
            <labels>
                <label name='language' value='javascript'/>
                <label name='framework' value='wdio'/>
                <label name='thread' value='0-0'/>
            </labels>
            <parameters>
                <parameter kind='argument' name='device' value='Pixel 3 for TEST 11-11'/>
            </parameters>
            <steps>
                <step start='1670525013251' status='passed' stop='1670525013748'>
                    <name>POST /session/:sessionId/element</name>
                    <title>POST /session/:sessionId/element</title>
                    <attachments>
                        <attachment title='Request' source='93078239-403e-4cb0-a7fa-03fd92dcfcb9-attachment.json' type='application/json' size='56'/>
                        <attachment title='Response' source='e2017860-1a3e-4282-9c6f-ae09049693ce-attachment.json' type='application/json' size='136'/>
                    </attachments>
                    <steps/>
                </step>
                <step start='1670525013751' status='passed' stop='1670525013787'>
                    <name>POST /session/:sessionId/element/00000000-0000-034b-ffff-ffff00000057/click</name>
                    <title>POST /session/:sessionId/element/00000000-0000-034b-ffff-ffff00000057/click</title>
                    <attachments/>
                    <steps/>
                </step>
                <step start='1670525015790' status='passed' stop='1670525015819'>
                    <name>POST /session/:sessionId/elements</name>
                    <title>POST /session/:sessionId/elements</title>
                    <attachments>
                        <attachment title='Request' source='10e54b2f-2630-4742-826a-5bc2bf6ed631-attachment.json' type='application/json' size='72'/>
                        <attachment title='Response' source='a13298f7-3b16-4533-ac31-e182c225ca21-attachment.json' type='application/json' size='586'/>
                    </attachments>
                    <steps/>
                </step>
            </steps>
            <attachments/>
        </test-case>
        <test-case start='1670525015826' status='pending' stop='1670525015826'>
            <name>6:Visible within acreen 3 options</name>
            <title>6:Visible within acreen 3 options</title>
            <labels/>
            <parameters/>
            <steps/>
            <attachments/>
            <failure>
                <message>Test ignored</message>
                <stack-trace>undefined</stack-trace>
            </failure>
        </test-case>
        <test-case start='1670525015827' status='pending' stop='1670525015827'>
            <name>7:Inactive button is not interactable</name>
            <title>7:Inactive button is not interactable</title>
            <labels/>
            <parameters/>
            <steps/>
            <attachments/>
            <failure>
                <message>Test ignored</message>
                <stack-trace>undefined</stack-trace>
            </failure>
        </test-case>
        <test-case start='1670525015827' status='pending' stop='1670525015827'>
            <name>8:Native alerts are functional</name>
            <title>8:Native alerts are functional</title>
            <labels/>
            <parameters/>
            <steps/>
            <attachments/>
            <failure>
                <message>Test ignored</message>
                <stack-trace>undefined</stack-trace>
            </failure>
        </test-case>
        <test-case start='1670525015827' status='pending' stop='1670525015827'>
            <name>9:Keyboard availability</name>
            <title>9:Keyboard availability</title>
            <labels/>
            <parameters/>
            <steps/>
            <attachments/>
            <failure>
                <message>Test ignored</message>
                <stack-trace>undefined</stack-trace>
            </failure>
        </test-case>
    </test-cases>
</ns2:test-suite>