<?xml version='1.0'?>
<ns2:test-suite xmlns:ns2='urn:model.allure.qatools.yandex.ru' start='1670522860096' stop='1670522861007'>
    <name>Test cases</name>
    <title>Test cases</title>
    <test-cases>
        <test-case start='1670522860096' status='passed' stop='1670522860823'>
            <name>1: Default selection of tab</name>
            <title>1: Default selection of tab</title>
            <labels>
                <label name='language' value='javascript'/>
                <label name='framework' value='wdio'/>
                <label name='thread' value='0-0'/>
            </labels>
            <parameters>
                <parameter kind='argument' name='device' value='Pixel 3 for TEST 11-11'/>
            </parameters>
            <steps>
                <step start='1670522860098' status='passed' stop='1670522860790'>
                    <name>POST /session/:sessionId/element</name>
                    <title>POST /session/:sessionId/element</title>
                    <attachments>
                        <attachment title='Request' source='1d094d7c-a8f9-46c9-b3d2-f3c3d7e6a0f5-attachment.json' type='application/json' size='52'/>
                        <attachment title='Response' source='bb98a31c-5c8a-4359-a570-a224fe9bfec4-attachment.json' type='application/json' size='136'/>
                    </attachments>
                    <steps/>
                </step>
                <step start='1670522860803' status='passed' stop='1670522860822'>
                    <name>GET /session/:sessionId/element/00000000-0000-024c-ffff-ffff00000015/selected</name>
                    <title>GET /session/:sessionId/element/00000000-0000-024c-ffff-ffff00000015/selected</title>
                    <attachments>
                        <attachment title='Response' source='5787c2ba-c6d8-4fd0-8fb4-523161f6f9f1-attachment.json' type='application/json' size='4'/>
                    </attachments>
                    <steps/>
                </step>
            </steps>
            <attachments/>
        </test-case>
        <test-case start='1670522860826' status='passed' stop='1670522861004'>
            <name>Form tab is available and clickable</name>
            <title>Form tab is available and clickable</title>
            <labels>
                <label name='language' value='javascript'/>
                <label name='framework' value='wdio'/>
                <label name='thread' value='0-0'/>
            </labels>
            <parameters>
                <parameter kind='argument' name='device' value='Pixel 3 for TEST 11-11'/>
            </parameters>
            <steps>
                <step start='1670522860827' status='passed' stop='1670522860857'>
                    <name>POST /session/:sessionId/element</name>
                    <title>POST /session/:sessionId/element</title>
                    <attachments>
                        <attachment title='Request' source='ac870534-5cb8-4065-a6ce-fc400f3711b1-attachment.json' type='application/json' size='53'/>
                        <attachment title='Response' source='0d94c136-c6f3-4f77-a945-2a79b70cc15f-attachment.json' type='application/json' size='136'/>
                    </attachments>
                    <steps/>
                </step>
                <step start='1670522860862' status='passed' stop='1670522860902'>
                    <name>POST /session/:sessionId/element/00000000-0000-024c-ffff-ffff00000024/click</name>
                    <title>POST /session/:sessionId/element/00000000-0000-024c-ffff-ffff00000024/click</title>
                    <attachments/>
                    <steps/>
                </step>
                <step start='1670522860903' status='passed' stop='1670522860928'>
                    <name>POST /session/:sessionId/element</name>
                    <title>POST /session/:sessionId/element</title>
                    <attachments>
                        <attachment title='Request' source='adad02ed-32ba-4f6c-9947-e45e0bce0723-attachment.json' type='application/json' size='60'/>
                        <attachment title='Response' source='e182d43e-cc15-4ea4-8cbe-854c8725f139-attachment.json' type='application/json' size='794'/>
                    </attachments>
                    <steps/>
                </step>
                <step start='1670522860935' status='passed' stop='1670522860995'>
                    <name>POST /session/:sessionId/elements</name>
                    <title>POST /session/:sessionId/elements</title>
                    <attachments>
                        <attachment title='Request' source='12d7529d-2aaa-446a-b880-0ce3ce511614-attachment.json' type='application/json' size='60'/>
                        <attachment title='Response' source='276cb4bd-18d6-4041-b436-0f062086fd36-attachment.json' type='application/json' size='148'/>
                    </attachments>
                    <steps/>
                </step>
            </steps>
            <attachments/>
        </test-case>
        <test-case start='1670522861005' status='pending' stop='1670522861005'>
            <name>3:Color change on selection</name>
            <title>3:Color change on selection</title>
            <labels/>
            <parameters/>
            <steps/>
            <attachments/>
            <failure>
                <message>Test ignored</message>
                <stack-trace>undefined</stack-trace>
            </failure>
        </test-case>
        <test-case start='1670522861005' status='pending' stop='1670522861005'>
            <name>4:Input Behaviour</name>
            <title>4:Input Behaviour</title>
            <labels/>
            <parameters/>
            <steps/>
            <attachments/>
            <failure>
                <message>Test ignored</message>
                <stack-trace>undefined</stack-trace>
            </failure>
        </test-case>
        <test-case start='1670522861005' status='pending' stop='1670522861005'>
            <name>5:Picker element and 3 options</name>
            <title>5:Picker element and 3 options</title>
            <labels/>
            <parameters/>
            <steps/>
            <attachments/>
            <failure>
                <message>Test ignored</message>
                <stack-trace>undefined</stack-trace>
            </failure>
        </test-case>
        <test-case start='1670522861005' status='pending' stop='1670522861005'>
            <name>6:Visible within acreen 3 options</name>
            <title>6:Visible within acreen 3 options</title>
            <labels/>
            <parameters/>
            <steps/>
            <attachments/>
            <failure>
                <message>Test ignored</message>
                <stack-trace>undefined</stack-trace>
            </failure>
        </test-case>
        <test-case start='1670522861006' status='pending' stop='1670522861006'>
            <name>7:Inactive button is not interactable</name>
            <title>7:Inactive button is not interactable</title>
            <labels/>
            <parameters/>
            <steps/>
            <attachments/>
            <failure>
                <message>Test ignored</message>
                <stack-trace>undefined</stack-trace>
            </failure>
        </test-case>
        <test-case start='1670522861006' status='pending' stop='1670522861006'>
            <name>8:Native alerts are functional</name>
            <title>8:Native alerts are functional</title>
            <labels/>
            <parameters/>
            <steps/>
            <attachments/>
            <failure>
                <message>Test ignored</message>
                <stack-trace>undefined</stack-trace>
            </failure>
        </test-case>
        <test-case start='1670522861007' status='pending' stop='1670522861007'>
            <name>9:Keyboard availability</name>
            <title>9:Keyboard availability</title>
            <labels/>
            <parameters/>
            <steps/>
            <attachments/>
            <failure>
                <message>Test ignored</message>
                <stack-trace>undefined</stack-trace>
            </failure>
        </test-case>
    </test-cases>
</ns2:test-suite>