<?xml version='1.0'?>
<ns2:test-suite xmlns:ns2='urn:model.allure.qatools.yandex.ru' start='1670525292704' stop='1670525296403'>
    <name>Test cases</name>
    <title>Test cases</title>
    <test-cases>
        <test-case start='1670525292704' status='pending' stop='1670525292704'>
            <name>1: Default selection of tab</name>
            <title>1: Default selection of tab</title>
            <labels/>
            <parameters/>
            <steps/>
            <attachments/>
            <failure>
                <message>Test ignored</message>
                <stack-trace>undefined</stack-trace>
            </failure>
        </test-case>
        <test-case start='1670525292704' status='passed' stop='1670525294085'>
            <name>Form tab is available and clickable</name>
            <title>Form tab is available and clickable</title>
            <labels>
                <label name='language' value='javascript'/>
                <label name='framework' value='wdio'/>
                <label name='thread' value='0-0'/>
            </labels>
            <parameters>
                <parameter kind='argument' name='device' value='Pixel 3 for TEST 11-11'/>
            </parameters>
            <steps>
                <step start='1670525292705' status='passed' stop='1670525293412'>
                    <name>POST /session/:sessionId/element</name>
                    <title>POST /session/:sessionId/element</title>
                    <attachments>
                        <attachment title='Request' source='71cff4d6-cd47-45ad-acac-a20e1be16cf4-attachment.json' type='application/json' size='53'/>
                        <attachment title='Response' source='b69a4e0a-b1de-4edc-9cc1-2838106c912e-attachment.json' type='application/json' size='136'/>
                    </attachments>
                    <steps/>
                </step>
                <step start='1670525293418' status='passed' stop='1670525293467'>
                    <name>POST /session/:sessionId/element/00000000-0000-036f-ffff-ffff00000024/click</name>
                    <title>POST /session/:sessionId/element/00000000-0000-036f-ffff-ffff00000024/click</title>
                    <attachments/>
                    <steps/>
                </step>
                <step start='1670525293467' status='passed' stop='1670525293489'>
                    <name>POST /session/:sessionId/element</name>
                    <title>POST /session/:sessionId/element</title>
                    <attachments>
                        <attachment title='Request' source='df8a52e3-d70e-4211-a360-12bd4c60e81e-attachment.json' type='application/json' size='60'/>
                        <attachment title='Response' source='fc230f9d-ed3d-4a14-b7fe-260a626df4c4-attachment.json' type='application/json' size='794'/>
                    </attachments>
                    <steps/>
                </step>
                <step start='1670525293493' status='passed' stop='1670525293511'>
                    <name>POST /session/:sessionId/elements</name>
                    <title>POST /session/:sessionId/elements</title>
                    <attachments>
                        <attachment title='Request' source='8ded23b8-68ec-4c5f-a46d-44e40dc167ff-attachment.json' type='application/json' size='60'/>
                        <attachment title='Response' source='ac44e143-af0c-41e7-acf9-358f9dace82d-attachment.json' type='application/json' size='2'/>
                    </attachments>
                    <steps/>
                </step>
                <step start='1670525294014' status='passed' stop='1670525294078'>
                    <name>POST /session/:sessionId/elements</name>
                    <title>POST /session/:sessionId/elements</title>
                    <attachments>
                        <attachment title='Request' source='2a7bc43e-148e-4685-b5ad-cf56fdce5b23-attachment.json' type='application/json' size='60'/>
                        <attachment title='Response' source='98bd7ac8-7ccd-40f5-a8c4-dc006c7e4a12-attachment.json' type='application/json' size='148'/>
                    </attachments>
                    <steps/>
                </step>
            </steps>
            <attachments/>
        </test-case>
        <test-case start='1670525294086' status='pending' stop='1670525294086'>
            <name>3:Color change on selection</name>
            <title>3:Color change on selection</title>
            <labels/>
            <parameters/>
            <steps/>
            <attachments/>
            <failure>
                <message>Test ignored</message>
                <stack-trace>undefined</stack-trace>
            </failure>
        </test-case>
        <test-case start='1670525294086' status='pending' stop='1670525294086'>
            <name>4:Input Behaviour</name>
            <title>4:Input Behaviour</title>
            <labels/>
            <parameters/>
            <steps/>
            <attachments/>
            <failure>
                <message>Test ignored</message>
                <stack-trace>undefined</stack-trace>
            </failure>
        </test-case>
        <test-case start='1670525294086' status='broken' stop='1670525296401'>
            <name>5:Picker element and 3 options</name>
            <title>5:Picker element and 3 options</title>
            <labels>
                <label name='language' value='javascript'/>
                <label name='framework' value='wdio'/>
                <label name='thread' value='0-0'/>
            </labels>
            <parameters>
                <parameter kind='argument' name='device' value='Pixel 3 for TEST 11-11'/>
            </parameters>
            <steps>
                <step start='1670525294087' status='passed' stop='1670525294113'>
                    <name>POST /session/:sessionId/element</name>
                    <title>POST /session/:sessionId/element</title>
                    <attachments>
                        <attachment title='Request' source='7a9a30b4-3ad0-4d52-8657-858c5e8bb596-attachment.json' type='application/json' size='56'/>
                        <attachment title='Response' source='22219dfc-4daf-4aa2-bf82-cb4041f12a94-attachment.json' type='application/json' size='136'/>
                    </attachments>
                    <steps/>
                </step>
                <step start='1670525294116' status='passed' stop='1670525294165'>
                    <name>POST /session/:sessionId/element/00000000-0000-036f-ffff-ffff00000057/click</name>
                    <title>POST /session/:sessionId/element/00000000-0000-036f-ffff-ffff00000057/click</title>
                    <attachments/>
                    <steps/>
                </step>
                <step start='1670525296168' status='passed' stop='1670525296199'>
                    <name>POST /session/:sessionId/elements</name>
                    <title>POST /session/:sessionId/elements</title>
                    <attachments>
                        <attachment title='Request' source='0a975d71-0c6e-465e-b191-06d93e49a31a-attachment.json' type='application/json' size='72'/>
                        <attachment title='Response' source='f2ae039b-fc05-4fed-a676-692b84943807-attachment.json' type='application/json' size='586'/>
                    </attachments>
                    <steps/>
                </step>
                <step start='1670525296206' status='passed' stop='1670525296400'>
                    <name>GET /session/:sessionId/screenshot</name>
                    <title>GET /session/:sessionId/screenshot</title>
                    <attachments>
                        <attachment title='Screenshot' source='d1582aec-f155-4630-a4fc-db2b4ff143d3-attachment.png' type='image/png' size='115174'/>
                    </attachments>
                    <steps/>
                </step>
            </steps>
            <attachments/>
            <failure>
                <message>elem[prop] is not a function</message>
                <stack-trace>TypeError: elem[prop] is not a function
                    at process.processTicksAndRejections (node:internal/process/task_queues:95:5)
                    at async Context.&lt;anonymous> (/Users/jahangirulhassan/Documents/TCoE-app-tests/test/specs/mobiletest/testscripts.js:40:21)</stack-trace>
            </failure>
        </test-case>
        <test-case start='1670525296402' status='pending' stop='1670525296402'>
            <name>6:Visible within acreen 3 options</name>
            <title>6:Visible within acreen 3 options</title>
            <labels/>
            <parameters/>
            <steps/>
            <attachments/>
            <failure>
                <message>Test ignored</message>
                <stack-trace>undefined</stack-trace>
            </failure>
        </test-case>
        <test-case start='1670525296402' status='pending' stop='1670525296402'>
            <name>7:Inactive button is not interactable</name>
            <title>7:Inactive button is not interactable</title>
            <labels/>
            <parameters/>
            <steps/>
            <attachments/>
            <failure>
                <message>Test ignored</message>
                <stack-trace>undefined</stack-trace>
            </failure>
        </test-case>
        <test-case start='1670525296402' status='pending' stop='1670525296402'>
            <name>8:Native alerts are functional</name>
            <title>8:Native alerts are functional</title>
            <labels/>
            <parameters/>
            <steps/>
            <attachments/>
            <failure>
                <message>Test ignored</message>
                <stack-trace>undefined</stack-trace>
            </failure>
        </test-case>
        <test-case start='1670525296402' status='pending' stop='1670525296402'>
            <name>9:Keyboard availability</name>
            <title>9:Keyboard availability</title>
            <labels/>
            <parameters/>
            <steps/>
            <attachments/>
            <failure>
                <message>Test ignored</message>
                <stack-trace>undefined</stack-trace>
            </failure>
        </test-case>
    </test-cases>
</ns2:test-suite>