<?xml version='1.0'?>
<ns2:test-suite xmlns:ns2='urn:model.allure.qatools.yandex.ru' start='1670524474921' stop='1670524478428'>
    <name>Test cases</name>
    <title>Test cases</title>
    <test-cases>
        <test-case start='1670524474922' status='pending' stop='1670524474922'>
            <name>1: Default selection of tab</name>
            <title>1: Default selection of tab</title>
            <labels/>
            <parameters/>
            <steps/>
            <attachments/>
            <failure>
                <message>Test ignored</message>
                <stack-trace>undefined</stack-trace>
            </failure>
        </test-case>
        <test-case start='1670524474922' status='passed' stop='1670524476307'>
            <name>Form tab is available and clickable</name>
            <title>Form tab is available and clickable</title>
            <labels>
                <label name='language' value='javascript'/>
                <label name='framework' value='wdio'/>
                <label name='thread' value='0-0'/>
            </labels>
            <parameters>
                <parameter kind='argument' name='device' value='Pixel 3 for TEST 11-11'/>
            </parameters>
            <steps>
                <step start='1670524474923' status='passed' stop='1670524475625'>
                    <name>POST /session/:sessionId/element</name>
                    <title>POST /session/:sessionId/element</title>
                    <attachments>
                        <attachment title='Request' source='90847ad3-dbdf-40c4-bfab-5f63d3bc9a26-attachment.json' type='application/json' size='53'/>
                        <attachment title='Response' source='c7fa7e15-deec-4715-a8fa-701a36d4e83f-attachment.json' type='application/json' size='136'/>
                    </attachments>
                    <steps/>
                </step>
                <step start='1670524475634' status='passed' stop='1670524475687'>
                    <name>POST /session/:sessionId/element/00000000-0000-030f-ffff-ffff00000024/click</name>
                    <title>POST /session/:sessionId/element/00000000-0000-030f-ffff-ffff00000024/click</title>
                    <attachments/>
                    <steps/>
                </step>
                <step start='1670524475688' status='passed' stop='1670524475715'>
                    <name>POST /session/:sessionId/element</name>
                    <title>POST /session/:sessionId/element</title>
                    <attachments>
                        <attachment title='Request' source='7982e5de-7f1f-44e9-959e-dcee792a07b4-attachment.json' type='application/json' size='60'/>
                        <attachment title='Response' source='661a2714-b693-42cb-834d-daa9567761c3-attachment.json' type='application/json' size='794'/>
                    </attachments>
                    <steps/>
                </step>
                <step start='1670524475720' status='passed' stop='1670524475739'>
                    <name>POST /session/:sessionId/elements</name>
                    <title>POST /session/:sessionId/elements</title>
                    <attachments>
                        <attachment title='Request' source='97b89581-7988-4264-ab94-89bbaf7cd69e-attachment.json' type='application/json' size='60'/>
                        <attachment title='Response' source='7ccff0d6-c9d0-4517-a069-7238ea52c2c9-attachment.json' type='application/json' size='2'/>
                    </attachments>
                    <steps/>
                </step>
                <step start='1670524476243' status='passed' stop='1670524476301'>
                    <name>POST /session/:sessionId/elements</name>
                    <title>POST /session/:sessionId/elements</title>
                    <attachments>
                        <attachment title='Request' source='c0f3487e-19a0-49c3-927f-3e0f7e40b47b-attachment.json' type='application/json' size='60'/>
                        <attachment title='Response' source='2943f152-f60e-4af2-9182-cdb757a8d05b-attachment.json' type='application/json' size='148'/>
                    </attachments>
                    <steps/>
                </step>
            </steps>
            <attachments/>
        </test-case>
        <test-case start='1670524476308' status='pending' stop='1670524476308'>
            <name>3:Color change on selection</name>
            <title>3:Color change on selection</title>
            <labels/>
            <parameters/>
            <steps/>
            <attachments/>
            <failure>
                <message>Test ignored</message>
                <stack-trace>undefined</stack-trace>
            </failure>
        </test-case>
        <test-case start='1670524476308' status='pending' stop='1670524476308'>
            <name>4:Input Behaviour</name>
            <title>4:Input Behaviour</title>
            <labels/>
            <parameters/>
            <steps/>
            <attachments/>
            <failure>
                <message>Test ignored</message>
                <stack-trace>undefined</stack-trace>
            </failure>
        </test-case>
        <test-case start='1670524476308' status='passed' stop='1670524478427'>
            <name>5:Picker element and 3 options</name>
            <title>5:Picker element and 3 options</title>
            <labels>
                <label name='language' value='javascript'/>
                <label name='framework' value='wdio'/>
                <label name='thread' value='0-0'/>
            </labels>
            <parameters>
                <parameter kind='argument' name='device' value='Pixel 3 for TEST 11-11'/>
            </parameters>
            <steps>
                <step start='1670524476309' status='passed' stop='1670524476334'>
                    <name>POST /session/:sessionId/element</name>
                    <title>POST /session/:sessionId/element</title>
                    <attachments>
                        <attachment title='Request' source='94ff55da-ed40-464c-8512-2e7f043fff0f-attachment.json' type='application/json' size='56'/>
                        <attachment title='Response' source='549ccdb3-30c9-4d5c-8be8-2530361de6b0-attachment.json' type='application/json' size='136'/>
                    </attachments>
                    <steps/>
                </step>
                <step start='1670524476336' status='passed' stop='1670524476384'>
                    <name>POST /session/:sessionId/element/00000000-0000-030f-ffff-ffff00000057/click</name>
                    <title>POST /session/:sessionId/element/00000000-0000-030f-ffff-ffff00000057/click</title>
                    <attachments/>
                    <steps/>
                </step>
                <step start='1670524478387' status='passed' stop='1670524478419'>
                    <name>POST /session/:sessionId/elements</name>
                    <title>POST /session/:sessionId/elements</title>
                    <attachments>
                        <attachment title='Request' source='d1cb2e48-9fed-4d82-94bf-76ae6999f343-attachment.json' type='application/json' size='72'/>
                        <attachment title='Response' source='86cef65c-98eb-4cda-b9de-8573eb7b3e92-attachment.json' type='application/json' size='586'/>
                    </attachments>
                    <steps/>
                </step>
            </steps>
            <attachments/>
        </test-case>
        <test-case start='1670524478427' status='pending' stop='1670524478427'>
            <name>6:Visible within acreen 3 options</name>
            <title>6:Visible within acreen 3 options</title>
            <labels/>
            <parameters/>
            <steps/>
            <attachments/>
            <failure>
                <message>Test ignored</message>
                <stack-trace>undefined</stack-trace>
            </failure>
        </test-case>
        <test-case start='1670524478427' status='pending' stop='1670524478427'>
            <name>7:Inactive button is not interactable</name>
            <title>7:Inactive button is not interactable</title>
            <labels/>
            <parameters/>
            <steps/>
            <attachments/>
            <failure>
                <message>Test ignored</message>
                <stack-trace>undefined</stack-trace>
            </failure>
        </test-case>
        <test-case start='1670524478427' status='pending' stop='1670524478427'>
            <name>8:Native alerts are functional</name>
            <title>8:Native alerts are functional</title>
            <labels/>
            <parameters/>
            <steps/>
            <attachments/>
            <failure>
                <message>Test ignored</message>
                <stack-trace>undefined</stack-trace>
            </failure>
        </test-case>
        <test-case start='1670524478428' status='pending' stop='1670524478428'>
            <name>9:Keyboard availability</name>
            <title>9:Keyboard availability</title>
            <labels/>
            <parameters/>
            <steps/>
            <attachments/>
            <failure>
                <message>Test ignored</message>
                <stack-trace>undefined</stack-trace>
            </failure>
        </test-case>
    </test-cases>
</ns2:test-suite>