<?xml version='1.0'?>
<ns2:test-suite xmlns:ns2='urn:model.allure.qatools.yandex.ru' start='1670525354841' stop='1670525359162'>
    <name>Test cases</name>
    <title>Test cases</title>
    <test-cases>
        <test-case start='1670525354842' status='pending' stop='1670525354842'>
            <name>1: Default selection of tab</name>
            <title>1: Default selection of tab</title>
            <labels/>
            <parameters/>
            <steps/>
            <attachments/>
            <failure>
                <message>Test ignored</message>
                <stack-trace>undefined</stack-trace>
            </failure>
        </test-case>
        <test-case start='1670525354842' status='passed' stop='1670525356968'>
            <name>Form tab is available and clickable</name>
            <title>Form tab is available and clickable</title>
            <labels>
                <label name='language' value='javascript'/>
                <label name='framework' value='wdio'/>
                <label name='thread' value='0-0'/>
            </labels>
            <parameters>
                <parameter kind='argument' name='device' value='Pixel 3 for TEST 11-11'/>
            </parameters>
            <steps>
                <step start='1670525354844' status='passed' stop='1670525356106'>
                    <name>POST /session/:sessionId/element</name>
                    <title>POST /session/:sessionId/element</title>
                    <attachments>
                        <attachment title='Request' source='079abd14-bbbc-4f13-8ec8-d129556759aa-attachment.json' type='application/json' size='53'/>
                        <attachment title='Response' source='be15faad-e68b-4664-89eb-8a8206a0af98-attachment.json' type='application/json' size='136'/>
                    </attachments>
                    <steps/>
                </step>
                <step start='1670525356116' status='passed' stop='1670525356173'>
                    <name>POST /session/:sessionId/element/00000000-0000-037b-ffff-ffff00000024/click</name>
                    <title>POST /session/:sessionId/element/00000000-0000-037b-ffff-ffff00000024/click</title>
                    <attachments/>
                    <steps/>
                </step>
                <step start='1670525356173' status='passed' stop='1670525356218'>
                    <name>POST /session/:sessionId/element</name>
                    <title>POST /session/:sessionId/element</title>
                    <attachments>
                        <attachment title='Request' source='36fb2c11-139f-4c35-b9d8-81b83d63f05f-attachment.json' type='application/json' size='60'/>
                        <attachment title='Response' source='de2833b6-30a5-46ac-a75c-d0b10101365c-attachment.json' type='application/json' size='794'/>
                    </attachments>
                    <steps/>
                </step>
                <step start='1670525356223' status='passed' stop='1670525356274'>
                    <name>POST /session/:sessionId/elements</name>
                    <title>POST /session/:sessionId/elements</title>
                    <attachments>
                        <attachment title='Request' source='f0a5d664-22bc-4d14-8870-ced92229c280-attachment.json' type='application/json' size='60'/>
                        <attachment title='Response' source='85cea5a3-987b-487a-bdba-b871866eb16b-attachment.json' type='application/json' size='2'/>
                    </attachments>
                    <steps/>
                </step>
                <step start='1670525356778' status='passed' stop='1670525356960'>
                    <name>POST /session/:sessionId/elements</name>
                    <title>POST /session/:sessionId/elements</title>
                    <attachments>
                        <attachment title='Request' source='d6ffdf21-b4b0-41a8-afd9-ef5dc4d65885-attachment.json' type='application/json' size='60'/>
                        <attachment title='Response' source='9cccd8a0-ccd6-495c-9429-6c4d113bb8d8-attachment.json' type='application/json' size='148'/>
                    </attachments>
                    <steps/>
                </step>
            </steps>
            <attachments/>
        </test-case>
        <test-case start='1670525356969' status='pending' stop='1670525356969'>
            <name>3:Color change on selection</name>
            <title>3:Color change on selection</title>
            <labels/>
            <parameters/>
            <steps/>
            <attachments/>
            <failure>
                <message>Test ignored</message>
                <stack-trace>undefined</stack-trace>
            </failure>
        </test-case>
        <test-case start='1670525356969' status='pending' stop='1670525356969'>
            <name>4:Input Behaviour</name>
            <title>4:Input Behaviour</title>
            <labels/>
            <parameters/>
            <steps/>
            <attachments/>
            <failure>
                <message>Test ignored</message>
                <stack-trace>undefined</stack-trace>
            </failure>
        </test-case>
        <test-case start='1670525356969' status='passed' stop='1670525359160'>
            <name>5:Picker element and 3 options</name>
            <title>5:Picker element and 3 options</title>
            <labels>
                <label name='language' value='javascript'/>
                <label name='framework' value='wdio'/>
                <label name='thread' value='0-0'/>
            </labels>
            <parameters>
                <parameter kind='argument' name='device' value='Pixel 3 for TEST 11-11'/>
            </parameters>
            <steps>
                <step start='1670525356970' status='passed' stop='1670525357013'>
                    <name>POST /session/:sessionId/element</name>
                    <title>POST /session/:sessionId/element</title>
                    <attachments>
                        <attachment title='Request' source='48b6e81a-fb46-4827-8548-2fafe5d107bc-attachment.json' type='application/json' size='56'/>
                        <attachment title='Response' source='4855c637-dbc1-4ddf-bf23-ff640511ab30-attachment.json' type='application/json' size='136'/>
                    </attachments>
                    <steps/>
                </step>
                <step start='1670525357017' status='passed' stop='1670525357100'>
                    <name>POST /session/:sessionId/element/00000000-0000-037b-ffff-ffff00000057/click</name>
                    <title>POST /session/:sessionId/element/00000000-0000-037b-ffff-ffff00000057/click</title>
                    <attachments/>
                    <steps/>
                </step>
                <step start='1670525359102' status='passed' stop='1670525359151'>
                    <name>POST /session/:sessionId/elements</name>
                    <title>POST /session/:sessionId/elements</title>
                    <attachments>
                        <attachment title='Request' source='8edcf272-c5c4-49f9-bd68-740eb11f18ec-attachment.json' type='application/json' size='72'/>
                        <attachment title='Response' source='4676edb6-d992-4307-a0e6-6b801f323aeb-attachment.json' type='application/json' size='586'/>
                    </attachments>
                    <steps/>
                </step>
            </steps>
            <attachments/>
        </test-case>
        <test-case start='1670525359161' status='pending' stop='1670525359161'>
            <name>6:Visible within acreen 3 options</name>
            <title>6:Visible within acreen 3 options</title>
            <labels/>
            <parameters/>
            <steps/>
            <attachments/>
            <failure>
                <message>Test ignored</message>
                <stack-trace>undefined</stack-trace>
            </failure>
        </test-case>
        <test-case start='1670525359162' status='pending' stop='1670525359162'>
            <name>7:Inactive button is not interactable</name>
            <title>7:Inactive button is not interactable</title>
            <labels/>
            <parameters/>
            <steps/>
            <attachments/>
            <failure>
                <message>Test ignored</message>
                <stack-trace>undefined</stack-trace>
            </failure>
        </test-case>
        <test-case start='1670525359162' status='pending' stop='1670525359162'>
            <name>8:Native alerts are functional</name>
            <title>8:Native alerts are functional</title>
            <labels/>
            <parameters/>
            <steps/>
            <attachments/>
            <failure>
                <message>Test ignored</message>
                <stack-trace>undefined</stack-trace>
            </failure>
        </test-case>
        <test-case start='1670525359162' status='pending' stop='1670525359162'>
            <name>9:Keyboard availability</name>
            <title>9:Keyboard availability</title>
            <labels/>
            <parameters/>
            <steps/>
            <attachments/>
            <failure>
                <message>Test ignored</message>
                <stack-trace>undefined</stack-trace>
            </failure>
        </test-case>
    </test-cases>
</ns2:test-suite>