<?xml version='1.0'?>
<ns2:test-suite xmlns:ns2='urn:model.allure.qatools.yandex.ru' start='1670526184555' stop='1670526189388'>
    <name>Test cases</name>
    <title>Test cases</title>
    <test-cases>
        <test-case start='1670526184556' status='pending' stop='1670526184556'>
            <name>1: Default selection of tab</name>
            <title>1: Default selection of tab</title>
            <labels/>
            <parameters/>
            <steps/>
            <attachments/>
            <failure>
                <message>Test ignored</message>
                <stack-trace>undefined</stack-trace>
            </failure>
        </test-case>
        <test-case start='1670526184556' status='passed' stop='1670526186593'>
            <name>Form tab is available and clickable</name>
            <title>Form tab is available and clickable</title>
            <labels>
                <label name='language' value='javascript'/>
                <label name='framework' value='wdio'/>
                <label name='thread' value='0-0'/>
            </labels>
            <parameters>
                <parameter kind='argument' name='device' value='Pixel 3 for TEST 11-11'/>
            </parameters>
            <steps>
                <step start='1670526184559' status='passed' stop='1670526185752'>
                    <name>POST /session/:sessionId/element</name>
                    <title>POST /session/:sessionId/element</title>
                    <attachments>
                        <attachment title='Request' source='643e97ce-5c00-459b-a20d-b5b1ea2ce9e8-attachment.json' type='application/json' size='53'/>
                        <attachment title='Response' source='c13bef0f-7c79-4cd1-b213-59b1fb11aa72-attachment.json' type='application/json' size='136'/>
                    </attachments>
                    <steps/>
                </step>
                <step start='1670526185761' status='passed' stop='1670526185812'>
                    <name>POST /session/:sessionId/element/00000000-0000-040e-ffff-ffff00000024/click</name>
                    <title>POST /session/:sessionId/element/00000000-0000-040e-ffff-ffff00000024/click</title>
                    <attachments/>
                    <steps/>
                </step>
                <step start='1670526185812' status='passed' stop='1670526185873'>
                    <name>POST /session/:sessionId/element</name>
                    <title>POST /session/:sessionId/element</title>
                    <attachments>
                        <attachment title='Request' source='61a8a7b8-1ce6-4a6a-8db9-0294782734c6-attachment.json' type='application/json' size='60'/>
                        <attachment title='Response' source='ecf521d4-580f-4f9f-908e-6e4ccd664748-attachment.json' type='application/json' size='794'/>
                    </attachments>
                    <steps/>
                </step>
                <step start='1670526185879' status='passed' stop='1670526185928'>
                    <name>POST /session/:sessionId/elements</name>
                    <title>POST /session/:sessionId/elements</title>
                    <attachments>
                        <attachment title='Request' source='b9fe496a-32f3-47d9-8fa4-109af0bba2bc-attachment.json' type='application/json' size='60'/>
                        <attachment title='Response' source='889599ec-36d8-4770-8fed-189b57678fdb-attachment.json' type='application/json' size='2'/>
                    </attachments>
                    <steps/>
                </step>
                <step start='1670526186432' status='passed' stop='1670526186585'>
                    <name>POST /session/:sessionId/elements</name>
                    <title>POST /session/:sessionId/elements</title>
                    <attachments>
                        <attachment title='Request' source='24e4fedd-b8fd-4248-b4b7-895bd1bc7a39-attachment.json' type='application/json' size='60'/>
                        <attachment title='Response' source='712b5574-2fa6-4a3e-81ac-e6ff176c8024-attachment.json' type='application/json' size='148'/>
                    </attachments>
                    <steps/>
                </step>
            </steps>
            <attachments/>
        </test-case>
        <test-case start='1670526186593' status='pending' stop='1670526186593'>
            <name>3:Color change on selection</name>
            <title>3:Color change on selection</title>
            <labels/>
            <parameters/>
            <steps/>
            <attachments/>
            <failure>
                <message>Test ignored</message>
                <stack-trace>undefined</stack-trace>
            </failure>
        </test-case>
        <test-case start='1670526186593' status='pending' stop='1670526186593'>
            <name>4:Input Behaviour</name>
            <title>4:Input Behaviour</title>
            <labels/>
            <parameters/>
            <steps/>
            <attachments/>
            <failure>
                <message>Test ignored</message>
                <stack-trace>undefined</stack-trace>
            </failure>
        </test-case>
        <test-case start='1670526186593' status='failed' stop='1670526189386'>
            <name>5:Picker element and 3 options</name>
            <title>5:Picker element and 3 options</title>
            <labels>
                <label name='language' value='javascript'/>
                <label name='framework' value='wdio'/>
                <label name='thread' value='0-0'/>
            </labels>
            <parameters>
                <parameter kind='argument' name='device' value='Pixel 3 for TEST 11-11'/>
            </parameters>
            <steps>
                <step start='1670526186594' status='passed' stop='1670526186641'>
                    <name>POST /session/:sessionId/element</name>
                    <title>POST /session/:sessionId/element</title>
                    <attachments>
                        <attachment title='Request' source='89d957ec-bc73-47de-8ed5-b15341300070-attachment.json' type='application/json' size='56'/>
                        <attachment title='Response' source='43cd62a5-49d0-4d0f-89e7-704d8742a0ae-attachment.json' type='application/json' size='136'/>
                    </attachments>
                    <steps/>
                </step>
                <step start='1670526186644' status='passed' stop='1670526186697'>
                    <name>POST /session/:sessionId/element/00000000-0000-040e-ffff-ffff00000057/click</name>
                    <title>POST /session/:sessionId/element/00000000-0000-040e-ffff-ffff00000057/click</title>
                    <attachments/>
                    <steps/>
                </step>
                <step start='1670526188700' status='passed' stop='1670526188751'>
                    <name>POST /session/:sessionId/elements</name>
                    <title>POST /session/:sessionId/elements</title>
                    <attachments>
                        <attachment title='Request' source='9245830e-eafb-4fa7-afb9-d549e2f1d6d0-attachment.json' type='application/json' size='72'/>
                        <attachment title='Response' source='b6f66451-978b-449b-9d6c-55589e93fc89-attachment.json' type='application/json' size='586'/>
                    </attachments>
                    <steps/>
                </step>
                <step start='1670526188762' status='passed' stop='1670526189385'>
                    <name>GET /session/:sessionId/screenshot</name>
                    <title>GET /session/:sessionId/screenshot</title>
                    <attachments>
                        <attachment title='Screenshot' source='0430032b-cf1a-492f-803e-3fc68e61d785-attachment.png' type='image/png' size='115839'/>
                    </attachments>
                    <steps/>
                </step>
            </steps>
            <attachments/>
            <failure>
                <message>expect(received).toEqual(expected) // deep equality
                
                Expected: 3
                Received: 4</message>
                <stack-trace>Error: expect(received).toEqual(expected) // deep equality
                
                Expected: 3
                Received: 4
                    at Context.&lt;anonymous> (/Users/jahangirulhassan/Documents/TCoE-app-tests/test/specs/mobiletest/testscripts.js:38:35)
                    at process.processTicksAndRejections (node:internal/process/task_queues:95:5)</stack-trace>
            </failure>
        </test-case>
        <test-case start='1670526189387' status='pending' stop='1670526189387'>
            <name>6:Visible within acreen 3 options</name>
            <title>6:Visible within acreen 3 options</title>
            <labels/>
            <parameters/>
            <steps/>
            <attachments/>
            <failure>
                <message>Test ignored</message>
                <stack-trace>undefined</stack-trace>
            </failure>
        </test-case>
        <test-case start='1670526189387' status='pending' stop='1670526189387'>
            <name>7:Inactive button is not interactable</name>
            <title>7:Inactive button is not interactable</title>
            <labels/>
            <parameters/>
            <steps/>
            <attachments/>
            <failure>
                <message>Test ignored</message>
                <stack-trace>undefined</stack-trace>
            </failure>
        </test-case>
        <test-case start='1670526189387' status='pending' stop='1670526189387'>
            <name>8:Native alerts are functional</name>
            <title>8:Native alerts are functional</title>
            <labels/>
            <parameters/>
            <steps/>
            <attachments/>
            <failure>
                <message>Test ignored</message>
                <stack-trace>undefined</stack-trace>
            </failure>
        </test-case>
        <test-case start='1670526189388' status='pending' stop='1670526189388'>
            <name>9:Keyboard availability</name>
            <title>9:Keyboard availability</title>
            <labels/>
            <parameters/>
            <steps/>
            <attachments/>
            <failure>
                <message>Test ignored</message>
                <stack-trace>undefined</stack-trace>
            </failure>
        </test-case>
    </test-cases>
</ns2:test-suite>