<?xml version='1.0'?>
<ns2:test-suite xmlns:ns2='urn:model.allure.qatools.yandex.ru' start='1670527317898' stop='1670527321276'>
    <name>Test cases</name>
    <title>Test cases</title>
    <test-cases>
        <test-case start='1670527317899' status='pending' stop='1670527317899'>
            <name>1: Default selection of tab</name>
            <title>1: Default selection of tab</title>
            <labels/>
            <parameters/>
            <steps/>
            <attachments/>
            <failure>
                <message>Test ignored</message>
                <stack-trace>undefined</stack-trace>
            </failure>
        </test-case>
        <test-case start='1670527317899' status='passed' stop='1670527318759'>
            <name>2:Form tab is available and clickable</name>
            <title>2:Form tab is available and clickable</title>
            <labels>
                <label name='language' value='javascript'/>
                <label name='framework' value='wdio'/>
                <label name='thread' value='0-0'/>
            </labels>
            <parameters>
                <parameter kind='argument' name='device' value='Pixel 3 for TEST 11-11'/>
            </parameters>
            <steps>
                <step start='1670527317900' status='passed' stop='1670527318586'>
                    <name>POST /session/:sessionId/element</name>
                    <title>POST /session/:sessionId/element</title>
                    <attachments>
                        <attachment title='Request' source='c37eed38-6e09-4dc3-a9d1-705bc5d7ab74-attachment.json' type='application/json' size='53'/>
                        <attachment title='Response' source='076bc97c-aaf5-4a57-a8f1-bf371cd06d14-attachment.json' type='application/json' size='136'/>
                    </attachments>
                    <steps/>
                </step>
                <step start='1670527318594' status='passed' stop='1670527318631'>
                    <name>POST /session/:sessionId/element/00000000-0000-0481-ffff-ffff00000024/click</name>
                    <title>POST /session/:sessionId/element/00000000-0000-0481-ffff-ffff00000024/click</title>
                    <attachments/>
                    <steps/>
                </step>
                <step start='1670527318632' status='passed' stop='1670527318655'>
                    <name>POST /session/:sessionId/element</name>
                    <title>POST /session/:sessionId/element</title>
                    <attachments>
                        <attachment title='Request' source='f6dee868-8f20-4cfe-bbc1-a0885953b6c3-attachment.json' type='application/json' size='60'/>
                        <attachment title='Response' source='bce06d26-0ad6-4ed3-b4f8-ee514445ef7a-attachment.json' type='application/json' size='794'/>
                    </attachments>
                    <steps/>
                </step>
                <step start='1670527318663' status='passed' stop='1670527318752'>
                    <name>POST /session/:sessionId/elements</name>
                    <title>POST /session/:sessionId/elements</title>
                    <attachments>
                        <attachment title='Request' source='35c37881-823b-4414-b224-b9d092db6adb-attachment.json' type='application/json' size='60'/>
                        <attachment title='Response' source='57de431a-79f2-4d1c-b68b-fad38e57a267-attachment.json' type='application/json' size='148'/>
                    </attachments>
                    <steps/>
                </step>
            </steps>
            <attachments/>
        </test-case>
        <test-case start='1670527318759' status='pending' stop='1670527318759'>
            <name>3:Color change on selection</name>
            <title>3:Color change on selection</title>
            <labels/>
            <parameters/>
            <steps/>
            <attachments/>
            <failure>
                <message>Test ignored</message>
                <stack-trace>undefined</stack-trace>
            </failure>
        </test-case>
        <test-case start='1670527318759' status='pending' stop='1670527318759'>
            <name>4:Input Behaviour</name>
            <title>4:Input Behaviour</title>
            <labels/>
            <parameters/>
            <steps/>
            <attachments/>
            <failure>
                <message>Test ignored</message>
                <stack-trace>undefined</stack-trace>
            </failure>
        </test-case>
        <test-case start='1670527318759' status='pending' stop='1670527318759'>
            <name>5:Picker element and 3 options</name>
            <title>5:Picker element and 3 options</title>
            <labels/>
            <parameters/>
            <steps/>
            <attachments/>
            <failure>
                <message>Test ignored</message>
                <stack-trace>undefined</stack-trace>
            </failure>
        </test-case>
        <test-case start='1670527318760' status='pending' stop='1670527318760'>
            <name>6:Visible within screen 3 options</name>
            <title>6:Visible within screen 3 options</title>
            <labels/>
            <parameters/>
            <steps/>
            <attachments/>
            <failure>
                <message>Test ignored</message>
                <stack-trace>undefined</stack-trace>
            </failure>
        </test-case>
        <test-case start='1670527318760' status='pending' stop='1670527318760'>
            <name>7:Inactive button is not interactable</name>
            <title>7:Inactive button is not interactable</title>
            <labels/>
            <parameters/>
            <steps/>
            <attachments/>
            <failure>
                <message>Test ignored</message>
                <stack-trace>undefined</stack-trace>
            </failure>
        </test-case>
        <test-case start='1670527318760' status='passed' stop='1670527321275'>
            <name>8:Native alerts are functional</name>
            <title>8:Native alerts are functional</title>
            <labels>
                <label name='language' value='javascript'/>
                <label name='framework' value='wdio'/>
                <label name='thread' value='0-0'/>
            </labels>
            <parameters>
                <parameter kind='argument' name='device' value='Pixel 3 for TEST 11-11'/>
            </parameters>
            <steps>
                <step start='1670527318760' status='passed' stop='1670527319222'>
                    <name>POST /session/:sessionId/element</name>
                    <title>POST /session/:sessionId/element</title>
                    <attachments>
                        <attachment title='Request' source='051ff13f-5797-43fd-bfe6-046cf7d13056-attachment.json' type='application/json' size='61'/>
                        <attachment title='Response' source='f60b6c1a-d008-4d7d-adcb-6d5d266ff64d-attachment.json' type='application/json' size='136'/>
                    </attachments>
                    <steps/>
                </step>
                <step start='1670527319225' status='passed' stop='1670527319273'>
                    <name>POST /session/:sessionId/element/00000000-0000-0481-ffff-ffff0000005f/click</name>
                    <title>POST /session/:sessionId/element/00000000-0000-0481-ffff-ffff0000005f/click</title>
                    <attachments/>
                    <steps/>
                </step>
            </steps>
            <attachments/>
        </test-case>
        <test-case start='1670527321275' status='pending' stop='1670527321275'>
            <name>9:Keyboard availability</name>
            <title>9:Keyboard availability</title>
            <labels/>
            <parameters/>
            <steps/>
            <attachments/>
            <failure>
                <message>Test ignored</message>
                <stack-trace>undefined</stack-trace>
            </failure>
        </test-case>
    </test-cases>
</ns2:test-suite>