<?xml version='1.0'?>
<ns2:test-suite xmlns:ns2='urn:model.allure.qatools.yandex.ru' start='1670525583883' stop='1670525587569'>
    <name>Test cases</name>
    <title>Test cases</title>
    <test-cases>
        <test-case start='1670525583883' status='pending' stop='1670525583883'>
            <name>1: Default selection of tab</name>
            <title>1: Default selection of tab</title>
            <labels/>
            <parameters/>
            <steps/>
            <attachments/>
            <failure>
                <message>Test ignored</message>
                <stack-trace>undefined</stack-trace>
            </failure>
        </test-case>
        <test-case start='1670525583883' status='passed' stop='1670525585275'>
            <name>Form tab is available and clickable</name>
            <title>Form tab is available and clickable</title>
            <labels>
                <label name='language' value='javascript'/>
                <label name='framework' value='wdio'/>
                <label name='thread' value='0-0'/>
            </labels>
            <parameters>
                <parameter kind='argument' name='device' value='Pixel 3 for TEST 11-11'/>
            </parameters>
            <steps>
                <step start='1670525583885' status='passed' stop='1670525584596'>
                    <name>POST /session/:sessionId/element</name>
                    <title>POST /session/:sessionId/element</title>
                    <attachments>
                        <attachment title='Request' source='746cacea-cfb0-4ded-a41e-a90cdcc9557e-attachment.json' type='application/json' size='53'/>
                        <attachment title='Response' source='4aab76dd-599d-4294-b3d8-510b3ad70f77-attachment.json' type='application/json' size='136'/>
                    </attachments>
                    <steps/>
                </step>
                <step start='1670525584604' status='passed' stop='1670525584655'>
                    <name>POST /session/:sessionId/element/00000000-0000-039f-ffff-ffff00000024/click</name>
                    <title>POST /session/:sessionId/element/00000000-0000-039f-ffff-ffff00000024/click</title>
                    <attachments/>
                    <steps/>
                </step>
                <step start='1670525584656' status='passed' stop='1670525584685'>
                    <name>POST /session/:sessionId/element</name>
                    <title>POST /session/:sessionId/element</title>
                    <attachments>
                        <attachment title='Request' source='07265d9b-56ce-488a-bcb4-6e75ffd3a1d2-attachment.json' type='application/json' size='60'/>
                        <attachment title='Response' source='90728c79-5f44-4414-baa6-d76c507c9c16-attachment.json' type='application/json' size='794'/>
                    </attachments>
                    <steps/>
                </step>
                <step start='1670525584689' status='passed' stop='1670525584709'>
                    <name>POST /session/:sessionId/elements</name>
                    <title>POST /session/:sessionId/elements</title>
                    <attachments>
                        <attachment title='Request' source='a6e8fea0-ea1e-4123-a920-58e88c3a9779-attachment.json' type='application/json' size='60'/>
                        <attachment title='Response' source='080a6ef3-bae2-4fcf-9a9d-a813268a6e66-attachment.json' type='application/json' size='2'/>
                    </attachments>
                    <steps/>
                </step>
                <step start='1670525585213' status='passed' stop='1670525585268'>
                    <name>POST /session/:sessionId/elements</name>
                    <title>POST /session/:sessionId/elements</title>
                    <attachments>
                        <attachment title='Request' source='84affaf9-5406-44b5-9f66-0f3a18923e6f-attachment.json' type='application/json' size='60'/>
                        <attachment title='Response' source='d2731a41-5b46-4dfd-85ec-6f042a480c06-attachment.json' type='application/json' size='148'/>
                    </attachments>
                    <steps/>
                </step>
            </steps>
            <attachments/>
        </test-case>
        <test-case start='1670525585278' status='pending' stop='1670525585278'>
            <name>3:Color change on selection</name>
            <title>3:Color change on selection</title>
            <labels/>
            <parameters/>
            <steps/>
            <attachments/>
            <failure>
                <message>Test ignored</message>
                <stack-trace>undefined</stack-trace>
            </failure>
        </test-case>
        <test-case start='1670525585278' status='pending' stop='1670525585278'>
            <name>4:Input Behaviour</name>
            <title>4:Input Behaviour</title>
            <labels/>
            <parameters/>
            <steps/>
            <attachments/>
            <failure>
                <message>Test ignored</message>
                <stack-trace>undefined</stack-trace>
            </failure>
        </test-case>
        <test-case start='1670525585279' status='broken' stop='1670525587568'>
            <name>5:Picker element and 3 options</name>
            <title>5:Picker element and 3 options</title>
            <labels>
                <label name='language' value='javascript'/>
                <label name='framework' value='wdio'/>
                <label name='thread' value='0-0'/>
            </labels>
            <parameters>
                <parameter kind='argument' name='device' value='Pixel 3 for TEST 11-11'/>
            </parameters>
            <steps>
                <step start='1670525585279' status='passed' stop='1670525585304'>
                    <name>POST /session/:sessionId/element</name>
                    <title>POST /session/:sessionId/element</title>
                    <attachments>
                        <attachment title='Request' source='6f3eb267-5d84-4f47-81ba-886e026b0987-attachment.json' type='application/json' size='56'/>
                        <attachment title='Response' source='91ed93d3-e3df-4b0b-a251-65ae89af3ec1-attachment.json' type='application/json' size='136'/>
                    </attachments>
                    <steps/>
                </step>
                <step start='1670525585307' status='passed' stop='1670525585353'>
                    <name>POST /session/:sessionId/element/00000000-0000-039f-ffff-ffff00000057/click</name>
                    <title>POST /session/:sessionId/element/00000000-0000-039f-ffff-ffff00000057/click</title>
                    <attachments/>
                    <steps/>
                </step>
                <step start='1670525587356' status='passed' stop='1670525587387'>
                    <name>POST /session/:sessionId/elements</name>
                    <title>POST /session/:sessionId/elements</title>
                    <attachments>
                        <attachment title='Request' source='c8395192-ee33-4014-9795-29ab37e545e1-attachment.json' type='application/json' size='72'/>
                        <attachment title='Response' source='7865823d-b109-4656-9f46-d684eafc210b-attachment.json' type='application/json' size='586'/>
                    </attachments>
                    <steps/>
                </step>
                <step start='1670525587394' status='passed' stop='1670525587567'>
                    <name>GET /session/:sessionId/screenshot</name>
                    <title>GET /session/:sessionId/screenshot</title>
                    <attachments>
                        <attachment title='Screenshot' source='2a5da9e4-559d-4ef9-b14f-41b5138fc92c-attachment.png' type='image/png' size='115322'/>
                    </attachments>
                    <steps/>
                </step>
            </steps>
            <attachments/>
            <failure>
                <message>elem[prop] is not a function</message>
                <stack-trace>TypeError: elem[prop] is not a function
                    at process.processTicksAndRejections (node:internal/process/task_queues:95:5)
                    at async Context.&lt;anonymous> (/Users/jahangirulhassan/Documents/TCoE-app-tests/test/specs/mobiletest/testscripts.js:41:21)</stack-trace>
            </failure>
        </test-case>
        <test-case start='1670525587568' status='pending' stop='1670525587568'>
            <name>6:Visible within acreen 3 options</name>
            <title>6:Visible within acreen 3 options</title>
            <labels/>
            <parameters/>
            <steps/>
            <attachments/>
            <failure>
                <message>Test ignored</message>
                <stack-trace>undefined</stack-trace>
            </failure>
        </test-case>
        <test-case start='1670525587569' status='pending' stop='1670525587569'>
            <name>7:Inactive button is not interactable</name>
            <title>7:Inactive button is not interactable</title>
            <labels/>
            <parameters/>
            <steps/>
            <attachments/>
            <failure>
                <message>Test ignored</message>
                <stack-trace>undefined</stack-trace>
            </failure>
        </test-case>
        <test-case start='1670525587569' status='pending' stop='1670525587569'>
            <name>8:Native alerts are functional</name>
            <title>8:Native alerts are functional</title>
            <labels/>
            <parameters/>
            <steps/>
            <attachments/>
            <failure>
                <message>Test ignored</message>
                <stack-trace>undefined</stack-trace>
            </failure>
        </test-case>
        <test-case start='1670525587569' status='pending' stop='1670525587569'>
            <name>9:Keyboard availability</name>
            <title>9:Keyboard availability</title>
            <labels/>
            <parameters/>
            <steps/>
            <attachments/>
            <failure>
                <message>Test ignored</message>
                <stack-trace>undefined</stack-trace>
            </failure>
        </test-case>
    </test-cases>
</ns2:test-suite>