<?xml version='1.0'?>
<ns2:test-suite xmlns:ns2='urn:model.allure.qatools.yandex.ru' start='1670527863075' stop='1670527865611'>
    <name>Test cases</name>
    <title>Test cases</title>
    <test-cases>
        <test-case start='1670527863076' status='pending' stop='1670527863076'>
            <name>1: Default selection of tab</name>
            <title>1: Default selection of tab</title>
            <labels/>
            <parameters/>
            <steps/>
            <attachments/>
            <failure>
                <message>Test ignored</message>
                <stack-trace>undefined</stack-trace>
            </failure>
        </test-case>
        <test-case start='1670527863076' status='passed' stop='1670527864455'>
            <name>2:Form tab is available and clickable</name>
            <title>2:Form tab is available and clickable</title>
            <labels>
                <label name='language' value='javascript'/>
                <label name='framework' value='wdio'/>
                <label name='thread' value='0-0'/>
            </labels>
            <parameters>
                <parameter kind='argument' name='device' value='Pixel 3 for TEST 11-11'/>
            </parameters>
            <steps>
                <step start='1670527863078' status='passed' stop='1670527863772'>
                    <name>POST /session/:sessionId/element</name>
                    <title>POST /session/:sessionId/element</title>
                    <attachments>
                        <attachment title='Request' source='c215b671-c3f1-4e68-80d2-6b72d04ffefa-attachment.json' type='application/json' size='53'/>
                        <attachment title='Response' source='144d7352-e47d-4197-b831-ab6f6ddc1de4-attachment.json' type='application/json' size='136'/>
                    </attachments>
                    <steps/>
                </step>
                <step start='1670527863786' status='passed' stop='1670527863839'>
                    <name>POST /session/:sessionId/element/00000000-0000-04b0-ffff-ffff00000024/click</name>
                    <title>POST /session/:sessionId/element/00000000-0000-04b0-ffff-ffff00000024/click</title>
                    <attachments/>
                    <steps/>
                </step>
                <step start='1670527863840' status='passed' stop='1670527863873'>
                    <name>POST /session/:sessionId/element</name>
                    <title>POST /session/:sessionId/element</title>
                    <attachments>
                        <attachment title='Request' source='2981a046-0ca6-4f07-b70f-e23a07b7dbd3-attachment.json' type='application/json' size='60'/>
                        <attachment title='Response' source='1fa73242-beeb-4a8c-bd3b-402b21a89295-attachment.json' type='application/json' size='794'/>
                    </attachments>
                    <steps/>
                </step>
                <step start='1670527863882' status='passed' stop='1670527863899'>
                    <name>POST /session/:sessionId/elements</name>
                    <title>POST /session/:sessionId/elements</title>
                    <attachments>
                        <attachment title='Request' source='ae075f51-6846-4b64-ac90-fd4b2be855e4-attachment.json' type='application/json' size='60'/>
                        <attachment title='Response' source='da8a06f0-43d9-4da5-9e11-b33a17a1242f-attachment.json' type='application/json' size='2'/>
                    </attachments>
                    <steps/>
                </step>
                <step start='1670527864406' status='passed' stop='1670527864446'>
                    <name>POST /session/:sessionId/elements</name>
                    <title>POST /session/:sessionId/elements</title>
                    <attachments>
                        <attachment title='Request' source='b7fc9fc3-0055-4320-b0da-9e83516f444f-attachment.json' type='application/json' size='60'/>
                        <attachment title='Response' source='604caba5-583c-4dac-a9ad-8ff9c170cc4f-attachment.json' type='application/json' size='148'/>
                    </attachments>
                    <steps/>
                </step>
            </steps>
            <attachments/>
        </test-case>
        <test-case start='1670527864459' status='pending' stop='1670527864459'>
            <name>3:Color change on selection</name>
            <title>3:Color change on selection</title>
            <labels/>
            <parameters/>
            <steps/>
            <attachments/>
            <failure>
                <message>Test ignored</message>
                <stack-trace>undefined</stack-trace>
            </failure>
        </test-case>
        <test-case start='1670527864460' status='passed' stop='1670527865429'>
            <name>4:Input Behaviour</name>
            <title>4:Input Behaviour</title>
            <labels>
                <label name='language' value='javascript'/>
                <label name='framework' value='wdio'/>
                <label name='thread' value='0-0'/>
            </labels>
            <parameters>
                <parameter kind='argument' name='device' value='Pixel 3 for TEST 11-11'/>
            </parameters>
            <steps>
                <step start='1670527864460' status='passed' stop='1670527864490'>
                    <name>POST /session/:sessionId/element</name>
                    <title>POST /session/:sessionId/element</title>
                    <attachments>
                        <attachment title='Request' source='c0c8822c-f53d-43a8-827c-ed516a4dae22-attachment.json' type='application/json' size='58'/>
                        <attachment title='Response' source='93673b61-1745-44e0-9083-01df08ea625c-attachment.json' type='application/json' size='136'/>
                    </attachments>
                    <steps/>
                </step>
                <step start='1670527864493' status='passed' stop='1670527865428'>
                    <name>POST /session/:sessionId/element/00000000-0000-04b0-ffff-ffff0000004d/click</name>
                    <title>POST /session/:sessionId/element/00000000-0000-04b0-ffff-ffff0000004d/click</title>
                    <attachments/>
                    <steps/>
                </step>
            </steps>
            <attachments/>
        </test-case>
        <test-case start='1670527865430' status='pending' stop='1670527865430'>
            <name>5:Picker element and 3 options</name>
            <title>5:Picker element and 3 options</title>
            <labels/>
            <parameters/>
            <steps/>
            <attachments/>
            <failure>
                <message>Test ignored</message>
                <stack-trace>undefined</stack-trace>
            </failure>
        </test-case>
        <test-case start='1670527865430' status='pending' stop='1670527865430'>
            <name>6:Visible within screen 3 options</name>
            <title>6:Visible within screen 3 options</title>
            <labels/>
            <parameters/>
            <steps/>
            <attachments/>
            <failure>
                <message>Test ignored</message>
                <stack-trace>undefined</stack-trace>
            </failure>
        </test-case>
        <test-case start='1670527865430' status='pending' stop='1670527865430'>
            <name>7:Inactive button is not interactable</name>
            <title>7:Inactive button is not interactable</title>
            <labels/>
            <parameters/>
            <steps/>
            <attachments/>
            <failure>
                <message>Test ignored</message>
                <stack-trace>undefined</stack-trace>
            </failure>
        </test-case>
        <test-case start='1670527865430' status='pending' stop='1670527865430'>
            <name>8:Native alerts are functional</name>
            <title>8:Native alerts are functional</title>
            <labels/>
            <parameters/>
            <steps/>
            <attachments/>
            <failure>
                <message>Test ignored</message>
                <stack-trace>undefined</stack-trace>
            </failure>
        </test-case>
        <test-case start='1670527865431' status='broken' stop='1670527865610'>
            <name>9:Keyboard availability</name>
            <title>9:Keyboard availability</title>
            <labels>
                <label name='language' value='javascript'/>
                <label name='framework' value='wdio'/>
                <label name='thread' value='0-0'/>
            </labels>
            <parameters>
                <parameter kind='argument' name='device' value='Pixel 3 for TEST 11-11'/>
            </parameters>
            <steps>
                <step start='1670527865432' status='passed' stop='1670527865608'>
                    <name>GET /session/:sessionId/screenshot</name>
                    <title>GET /session/:sessionId/screenshot</title>
                    <attachments>
                        <attachment title='Screenshot' source='66048a7b-edf3-4d55-8b13-539c2d2673ab-attachment.png' type='image/png' size='134054'/>
                    </attachments>
                    <steps/>
                </step>
            </steps>
            <attachments/>
            <failure>
                <message>consolr is not defined</message>
                <stack-trace>ReferenceError: consolr is not defined
                    at Context.&lt;anonymous> (/Users/jahangirulhassan/Documents/TCoE-app-tests/test/specs/mobiletest/testscripts.js:67:9)</stack-trace>
            </failure>
        </test-case>
    </test-cases>
</ns2:test-suite>