<?xml version='1.0'?>
<ns2:test-suite xmlns:ns2='urn:model.allure.qatools.yandex.ru' start='1670524198904' stop='1670524202826'>
    <name>Test cases</name>
    <title>Test cases</title>
    <test-cases>
        <test-case start='1670524198904' status='pending' stop='1670524198904'>
            <name>1: Default selection of tab</name>
            <title>1: Default selection of tab</title>
            <labels/>
            <parameters/>
            <steps/>
            <attachments/>
            <failure>
                <message>Test ignored</message>
                <stack-trace>undefined</stack-trace>
            </failure>
        </test-case>
        <test-case start='1670524198904' status='passed' stop='1670524200279'>
            <name>Form tab is available and clickable</name>
            <title>Form tab is available and clickable</title>
            <labels>
                <label name='language' value='javascript'/>
                <label name='framework' value='wdio'/>
                <label name='thread' value='0-0'/>
            </labels>
            <parameters>
                <parameter kind='argument' name='device' value='Pixel 3 for TEST 11-11'/>
            </parameters>
            <steps>
                <step start='1670524198905' status='passed' stop='1670524200091'>
                    <name>POST /session/:sessionId/element</name>
                    <title>POST /session/:sessionId/element</title>
                    <attachments>
                        <attachment title='Request' source='7897e264-a15b-4332-bbe6-77e6e67c045d-attachment.json' type='application/json' size='53'/>
                        <attachment title='Response' source='afd492a0-dad0-42f5-960b-fe6821aa1846-attachment.json' type='application/json' size='136'/>
                    </attachments>
                    <steps/>
                </step>
                <step start='1670524200104' status='passed' stop='1670524200160'>
                    <name>POST /session/:sessionId/element/00000000-0000-02f7-ffff-ffff00000024/click</name>
                    <title>POST /session/:sessionId/element/00000000-0000-02f7-ffff-ffff00000024/click</title>
                    <attachments/>
                    <steps/>
                </step>
                <step start='1670524200161' status='passed' stop='1670524200190'>
                    <name>POST /session/:sessionId/element</name>
                    <title>POST /session/:sessionId/element</title>
                    <attachments>
                        <attachment title='Request' source='bc5d0882-9964-4b28-9397-efd1ef28236a-attachment.json' type='application/json' size='60'/>
                        <attachment title='Response' source='c2135ef3-7fe5-4547-b2ab-f7166ba4cf33-attachment.json' type='application/json' size='794'/>
                    </attachments>
                    <steps/>
                </step>
                <step start='1670524200199' status='passed' stop='1670524200269'>
                    <name>POST /session/:sessionId/elements</name>
                    <title>POST /session/:sessionId/elements</title>
                    <attachments>
                        <attachment title='Request' source='742f811d-23e6-4505-97cc-56c605fc2fc8-attachment.json' type='application/json' size='60'/>
                        <attachment title='Response' source='a5e75cc9-da02-4dbb-8857-9e4f997a665f-attachment.json' type='application/json' size='148'/>
                    </attachments>
                    <steps/>
                </step>
            </steps>
            <attachments/>
        </test-case>
        <test-case start='1670524200279' status='pending' stop='1670524200279'>
            <name>3:Color change on selection</name>
            <title>3:Color change on selection</title>
            <labels/>
            <parameters/>
            <steps/>
            <attachments/>
            <failure>
                <message>Test ignored</message>
                <stack-trace>undefined</stack-trace>
            </failure>
        </test-case>
        <test-case start='1670524200279' status='pending' stop='1670524200279'>
            <name>4:Input Behaviour</name>
            <title>4:Input Behaviour</title>
            <labels/>
            <parameters/>
            <steps/>
            <attachments/>
            <failure>
                <message>Test ignored</message>
                <stack-trace>undefined</stack-trace>
            </failure>
        </test-case>
        <test-case start='1670524200279' status='passed' stop='1670524202813'>
            <name>5:Picker element and 3 options</name>
            <title>5:Picker element and 3 options</title>
            <labels>
                <label name='language' value='javascript'/>
                <label name='framework' value='wdio'/>
                <label name='thread' value='0-0'/>
            </labels>
            <parameters>
                <parameter kind='argument' name='device' value='Pixel 3 for TEST 11-11'/>
            </parameters>
            <steps>
                <step start='1670524200280' status='passed' stop='1670524200760'>
                    <name>POST /session/:sessionId/element</name>
                    <title>POST /session/:sessionId/element</title>
                    <attachments>
                        <attachment title='Request' source='17615c7a-7696-4dae-a00a-190f0bb75a1c-attachment.json' type='application/json' size='56'/>
                        <attachment title='Response' source='a3887d13-7a8e-470d-8274-f1797d7145d8-attachment.json' type='application/json' size='136'/>
                    </attachments>
                    <steps/>
                </step>
                <step start='1670524200766' status='passed' stop='1670524200808'>
                    <name>POST /session/:sessionId/element/00000000-0000-02f7-ffff-ffff00000057/click</name>
                    <title>POST /session/:sessionId/element/00000000-0000-02f7-ffff-ffff00000057/click</title>
                    <attachments/>
                    <steps/>
                </step>
                <step start='1670524202811' status='undefined'>
                    <name>POST /session/:sessionId/elements</name>
                    <title>POST /session/:sessionId/elements</title>
                    <attachments>
                        <attachment title='Request' source='7299bb06-e8f1-4dbe-aa95-9e549769f68d-attachment.json' type='application/json' size='72'/>
                    </attachments>
                    <steps/>
                </step>
            </steps>
            <attachments/>
        </test-case>
        <test-case start='1670524202825' status='pending' stop='1670524202825'>
            <name>6:Visible within acreen 3 options</name>
            <title>6:Visible within acreen 3 options</title>
            <labels/>
            <parameters/>
            <steps/>
            <attachments/>
            <failure>
                <message>Test ignored</message>
                <stack-trace>undefined</stack-trace>
            </failure>
        </test-case>
        <test-case start='1670524202825' status='pending' stop='1670524202825'>
            <name>7:Inactive button is not interactable</name>
            <title>7:Inactive button is not interactable</title>
            <labels/>
            <parameters/>
            <steps/>
            <attachments/>
            <failure>
                <message>Test ignored</message>
                <stack-trace>undefined</stack-trace>
            </failure>
        </test-case>
        <test-case start='1670524202825' status='pending' stop='1670524202825'>
            <name>8:Native alerts are functional</name>
            <title>8:Native alerts are functional</title>
            <labels/>
            <parameters/>
            <steps/>
            <attachments/>
            <failure>
                <message>Test ignored</message>
                <stack-trace>undefined</stack-trace>
            </failure>
        </test-case>
        <test-case start='1670524202826' status='pending' stop='1670524202826'>
            <name>9:Keyboard availability</name>
            <title>9:Keyboard availability</title>
            <labels/>
            <parameters/>
            <steps/>
            <attachments/>
            <failure>
                <message>Test ignored</message>
                <stack-trace>undefined</stack-trace>
            </failure>
        </test-case>
    </test-cases>
</ns2:test-suite>